Using pre-set license
Built from '2022.3/staging' branch; Version is '2022.3.24f1 (334eb2a0b267) revision 3362482'; Using compiler version '192829333'; Build Type 'Release'
OS: 'Windows 10  (10.0.19045) 64bit ProfessionalWorkstation' Language: 'en' Physical Memory: 32647 MB
BatchMode: 1, IsHumanControllingUs: 0, StartBugReporterOnCrash: 0, Is64bit: 1, IsPro: 1

COMMAND LINE ARGUMENTS:
C:\Program Files\Unity\Hub\Editor\2022.3.24f1\Editor\Unity.exe
-adb2
-batchMode
-noUpm
-name
AssetImportWorker0
-projectPath
C:/Users/User/Desktop/TUHSDHackathon2024/Spaced Out
-logFile
Logs/AssetImportWorker0.log
-srvPort
51593
Successfully changed project path to: C:/Users/User/Desktop/TUHSDHackathon2024/Spaced Out
C:/Users/User/Desktop/TUHSDHackathon2024/Spaced Out
[UnityMemory] Configuration Parameters - Can be set up in boot.config
    "memorysetup-bucket-allocator-granularity=16"
    "memorysetup-bucket-allocator-bucket-count=8"
    "memorysetup-bucket-allocator-block-size=33554432"
    "memorysetup-bucket-allocator-block-count=8"
    "memorysetup-main-allocator-block-size=16777216"
    "memorysetup-thread-allocator-block-size=16777216"
    "memorysetup-gfx-main-allocator-block-size=16777216"
    "memorysetup-gfx-thread-allocator-block-size=16777216"
    "memorysetup-cache-allocator-block-size=4194304"
    "memorysetup-typetree-allocator-block-size=2097152"
    "memorysetup-profiler-bucket-allocator-granularity=16"
    "memorysetup-profiler-bucket-allocator-bucket-count=8"
    "memorysetup-profiler-bucket-allocator-block-size=33554432"
    "memorysetup-profiler-bucket-allocator-block-count=8"
    "memorysetup-profiler-allocator-block-size=16777216"
    "memorysetup-profiler-editor-allocator-block-size=1048576"
    "memorysetup-temp-allocator-size-main=16777216"
    "memorysetup-job-temp-allocator-block-size=2097152"
    "memorysetup-job-temp-allocator-block-size-background=1048576"
    "memorysetup-job-temp-allocator-reduction-small-platforms=262144"
    "memorysetup-allocator-temp-initial-block-size-main=262144"
    "memorysetup-allocator-temp-initial-block-size-worker=262144"
    "memorysetup-temp-allocator-size-background-worker=32768"
    "memorysetup-temp-allocator-size-job-worker=262144"
    "memorysetup-temp-allocator-size-preload-manager=33554432"
    "memorysetup-temp-allocator-size-nav-mesh-worker=65536"
    "memorysetup-temp-allocator-size-audio-worker=65536"
    "memorysetup-temp-allocator-size-cloud-worker=32768"
    "memorysetup-temp-allocator-size-gi-baking-worker=262144"
    "memorysetup-temp-allocator-size-gfx=262144"
Player connection [6188] Host "[IP] 192.168.86.32 [Port] 0 [Flags] 2 [Guid] 1509350282 [EditorId] 1509350282 [Version] 1048832 [Id] WindowsEditor(7,DESKTOP-PLTPDQK) [Debug] 1 [PackageName] WindowsEditor [ProjectName] Editor" joined multi-casting on [225.0.0.222:54997]...

Player connection [6188] Host "[IP] 192.168.86.32 [Port] 0 [Flags] 2 [Guid] 1509350282 [EditorId] 1509350282 [Version] 1048832 [Id] WindowsEditor(7,DESKTOP-PLTPDQK) [Debug] 1 [PackageName] WindowsEditor [ProjectName] Editor" joined alternative multi-casting on [225.0.0.222:34997]...

[Physics::Module] Initialized MultithreadedJobDispatcher with 7 workers.
Refreshing native plugins compatible for Editor in 2888.50 ms, found 3 plugins.
Preloading 0 native plugins for Editor in 0.00 ms.
Initialize engine version: 2022.3.24f1 (334eb2a0b267)
[Subsystems] Discovering subsystems at path C:/Program Files/Unity/Hub/Editor/2022.3.24f1/Editor/Data/Resources/UnitySubsystems
[Subsystems] Discovering subsystems at path C:/Users/User/Desktop/TUHSDHackathon2024/Spaced Out/Assets
GfxDevice: creating device client; threaded=0; jobified=0
Direct3D:
    Version:  Direct3D 11.0 [level 11.1]
    Renderer: Intel(R) HD Graphics 530 (ID=0x1912)
    Vendor:   Intel
    VRAM:     16323 MB
    Driver:   26.20.100.7262
Initialize mono
Mono path[0] = 'C:/Program Files/Unity/Hub/Editor/2022.3.24f1/Editor/Data/Managed'
Mono path[1] = 'C:/Program Files/Unity/Hub/Editor/2022.3.24f1/Editor/Data/MonoBleedingEdge/lib/mono/unityjit-win32'
Mono config path = 'C:/Program Files/Unity/Hub/Editor/2022.3.24f1/Editor/Data/MonoBleedingEdge/etc'
Using monoOptions --debugger-agent=transport=dt_socket,embedding=1,server=y,suspend=n,address=127.0.0.1:56796
Begin MonoManager ReloadAssembly
Registering precompiled unity dll's ...
Register platform support module: C:/Program Files/Unity/Hub/Editor/2022.3.24f1/Editor/Data/PlaybackEngines/WebGLSupport/UnityEditor.WebGL.Extensions.dll
Register platform support module: C:/Program Files/Unity/Hub/Editor/2022.3.24f1/Editor/Data/PlaybackEngines/WindowsStandaloneSupport/UnityEditor.WindowsStandalone.Extensions.dll
Registered in 0.478695 seconds.
- Loaded All Assemblies, in 10.004 seconds
Native extension for WindowsStandalone target not found
Native extension for WebGL target not found
Mono: successfully reloaded assembly
- Finished resetting the current domain, in  0.374 seconds
Domain Reload Profiling: 10376ms
	BeginReloadAssembly (7056ms)
		ExecutionOrderSort (0ms)
		DisableScriptedObjects (0ms)
		BackupInstance (0ms)
		ReleaseScriptingObjects (0ms)
		CreateAndSetChildDomain (1ms)
	RebuildCommonClasses (743ms)
	RebuildNativeTypeToScriptingClass (17ms)
	initialDomainReloadingComplete (563ms)
	LoadAllAssembliesAndSetupDomain (1622ms)
		LoadAssemblies (7054ms)
		RebuildTransferFunctionScriptingTraits (0ms)
		AnalyzeDomain (1618ms)
			TypeCache.Refresh (1615ms)
				TypeCache.ScanAssembly (1146ms)
			ScanForSourceGeneratedMonoScriptInfo (0ms)
			ResolveRequiredComponents (1ms)
	FinalizeReload (375ms)
		ReleaseScriptCaches (0ms)
		RebuildScriptCaches (0ms)
		SetupLoadedEditorAssemblies (283ms)
			LogAssemblyErrors (0ms)
			InitializePlatformSupportModulesInManaged (18ms)
			SetLoadedEditorAssemblies (8ms)
			RefreshPlugins (0ms)
			BeforeProcessingInitializeOnLoad (2ms)
			ProcessInitializeOnLoadAttributes (193ms)
			ProcessInitializeOnLoadMethodAttributes (62ms)
			AfterProcessingInitializeOnLoad (0ms)
			EditorAssembliesLoaded (0ms)
		ExecutionOrderSort2 (0ms)
		AwakeInstancesAfterBackupRestoration (0ms)
========================================================================
Worker process is ready to serve import requests
Begin MonoManager ReloadAssembly
- Loaded All Assemblies, in  1.976 seconds
Refreshing native plugins compatible for Editor in 3.16 ms, found 3 plugins.
Native extension for WindowsStandalone target not found
Native extension for WebGL target not found
Package Manager log level set to [2]
[Package Manager] Server::EnsureServerProcessIsRunning -- launch failed, reason: Unity was launched with the -noUpm command-line argument
[Package Manager] UpmClient::Send -- Unable to send message (not connected to UPM process).
[Package Manager] Cannot connect to Unity Package Manager local server
Mono: successfully reloaded assembly
- Finished resetting the current domain, in  0.523 seconds
Domain Reload Profiling: 2496ms
	BeginReloadAssembly (172ms)
		ExecutionOrderSort (0ms)
		DisableScriptedObjects (6ms)
		BackupInstance (0ms)
		ReleaseScriptingObjects (0ms)
		CreateAndSetChildDomain (25ms)
	RebuildCommonClasses (39ms)
	RebuildNativeTypeToScriptingClass (12ms)
	initialDomainReloadingComplete (48ms)
	LoadAllAssembliesAndSetupDomain (1701ms)
		LoadAssemblies (1596ms)
		RebuildTransferFunctionScriptingTraits (0ms)
		AnalyzeDomain (206ms)
			TypeCache.Refresh (186ms)
				TypeCache.ScanAssembly (133ms)
			ScanForSourceGeneratedMonoScriptInfo (14ms)
			ResolveRequiredComponents (5ms)
	FinalizeReload (524ms)
		ReleaseScriptCaches (0ms)
		RebuildScriptCaches (0ms)
		SetupLoadedEditorAssemblies (389ms)
			LogAssemblyErrors (0ms)
			InitializePlatformSupportModulesInManaged (8ms)
			SetLoadedEditorAssemblies (3ms)
			RefreshPlugins (0ms)
			BeforeProcessingInitializeOnLoad (59ms)
			ProcessInitializeOnLoadAttributes (289ms)
			ProcessInitializeOnLoadMethodAttributes (21ms)
			AfterProcessingInitializeOnLoad (8ms)
			EditorAssembliesLoaded (0ms)
		ExecutionOrderSort2 (0ms)
		AwakeInstancesAfterBackupRestoration (7ms)
Launched and connected shader compiler UnityShaderCompiler.exe after 0.07 seconds
Refreshing native plugins compatible for Editor in 3.20 ms, found 3 plugins.
Preloading 0 native plugins for Editor in 0.00 ms.
Unloading 3098 Unused Serialized files (Serialized files now loaded: 0)
Unloading 32 unused Assets / (57.4 KB). Loaded Objects now: 3561.
Memory consumption went from 121.5 MB to 121.5 MB.
Total: 2.915700 ms (FindLiveObjects: 0.239700 ms CreateObjectMapping: 0.147400 ms MarkObjects: 2.429300 ms  DeleteObjects: 0.098700 ms)

AssetImportParameters requested are different than current active one (requested -> active):
  custom:container-demuxer-ogg: 62fdf1f143b41e24485cea50d1cbac27 -> 
  custom:video-decoder-ogg-theora: a1e56fd34408186e4bbccfd4996cb3dc -> 
  custom:framework-win-MediaFoundation: 216162199b28c13a410421893ffa2e32 -> 
  custom:CustomObjectIndexerAttribute: 9a22284fe3817be447336de3de66b15e -> 
  custom:container-demuxer-webm: 4f35f7cbe854078d1ac9338744f61a02 -> 
  custom:container-muxer-webm: aa71ff27fc2769a1b78a27578f13a17b -> 
  custom:video-decoder-webm-vp8: 9c59270c3fd7afecdb556c50c9e8de78 -> 
  custom:SearchIndexIgnoredProperties: e643bd26f0fe6173181afceb89e7c659 -> 
  custom:AudioImporter_EditorPlatform: d09bf68614088b80899f8185d706f6e7 -> 
  custom:video-encoder-webm-vp8: eb34c28f22e8b96e1ab97ce403110664 -> 
  custom:audio-decoder-ogg-vorbis: bf7c407c2cedff20999df2af8eb42d56 -> 
  custom:audio-encoder-webm-vorbis: bf7c407c2cedff20999df2af8eb42d56 -> 
========================================================================
Received Prepare
Begin MonoManager ReloadAssembly
- Loaded All Assemblies, in  0.417 seconds
Refreshing native plugins compatible for Editor in 3.22 ms, found 3 plugins.
Native extension for WindowsStandalone target not found
Native extension for WebGL target not found
[Package Manager] Server::EnsureServerProcessIsRunning -- launch failed, reason: Unity was launched with the -noUpm command-line argument
[Package Manager] UpmClient::Send -- Unable to send message (not connected to UPM process).
[Package Manager] Cannot connect to Unity Package Manager local server
Mono: successfully reloaded assembly
- Finished resetting the current domain, in  0.769 seconds
Domain Reload Profiling: 1183ms
	BeginReloadAssembly (143ms)
		ExecutionOrderSort (0ms)
		DisableScriptedObjects (5ms)
		BackupInstance (0ms)
		ReleaseScriptingObjects (0ms)
		CreateAndSetChildDomain (30ms)
	RebuildCommonClasses (31ms)
	RebuildNativeTypeToScriptingClass (11ms)
	initialDomainReloadingComplete (29ms)
	LoadAllAssembliesAndSetupDomain (199ms)
		LoadAssemblies (265ms)
		RebuildTransferFunctionScriptingTraits (0ms)
		AnalyzeDomain (12ms)
			TypeCache.Refresh (5ms)
				TypeCache.ScanAssembly (0ms)
			ScanForSourceGeneratedMonoScriptInfo (0ms)
			ResolveRequiredComponents (6ms)
	FinalizeReload (769ms)
		ReleaseScriptCaches (0ms)
		RebuildScriptCaches (0ms)
		SetupLoadedEditorAssemblies (350ms)
			LogAssemblyErrors (0ms)
			InitializePlatformSupportModulesInManaged (8ms)
			SetLoadedEditorAssemblies (3ms)
			RefreshPlugins (0ms)
			BeforeProcessingInitializeOnLoad (58ms)
			ProcessInitializeOnLoadAttributes (253ms)
			ProcessInitializeOnLoadMethodAttributes (20ms)
			AfterProcessingInitializeOnLoad (8ms)
			EditorAssembliesLoaded (0ms)
		ExecutionOrderSort2 (0ms)
		AwakeInstancesAfterBackupRestoration (7ms)
Refreshing native plugins compatible for Editor in 3.17 ms, found 3 plugins.
Preloading 0 native plugins for Editor in 0.00 ms.
Unloading 3091 Unused Serialized files (Serialized files now loaded: 0)
Unloading 23 unused Assets / (31.0 KB). Loaded Objects now: 3564.
Memory consumption went from 122.5 MB to 122.5 MB.
Total: 2.740900 ms (FindLiveObjects: 0.238800 ms CreateObjectMapping: 0.194300 ms MarkObjects: 2.260600 ms  DeleteObjects: 0.046500 ms)

Prepare: number of updated asset objects reloaded= 0
AssetImportParameters requested are different than current active one (requested -> active):
  custom:container-demuxer-ogg: 62fdf1f143b41e24485cea50d1cbac27 -> 
  custom:video-decoder-ogg-theora: a1e56fd34408186e4bbccfd4996cb3dc -> 
  custom:framework-win-MediaFoundation: 216162199b28c13a410421893ffa2e32 -> 
  custom:CustomObjectIndexerAttribute: 9a22284fe3817be447336de3de66b15e -> 
  custom:container-demuxer-webm: 4f35f7cbe854078d1ac9338744f61a02 -> 
  custom:container-muxer-webm: aa71ff27fc2769a1b78a27578f13a17b -> 
  custom:video-decoder-webm-vp8: 9c59270c3fd7afecdb556c50c9e8de78 -> 
  custom:SearchIndexIgnoredProperties: e643bd26f0fe6173181afceb89e7c659 -> 
  custom:AudioImporter_EditorPlatform: d09bf68614088b80899f8185d706f6e7 -> 
  custom:video-encoder-webm-vp8: eb34c28f22e8b96e1ab97ce403110664 -> 
  custom:audio-decoder-ogg-vorbis: bf7c407c2cedff20999df2af8eb42d56 -> 
  custom:audio-encoder-webm-vorbis: bf7c407c2cedff20999df2af8eb42d56 -> 
========================================================================
Received Import Request.
  Time since last request: 66289.915917 seconds.
  path: Assets/shut.3ds
  artifactKey: Guid(0cfefb17136af2d459c6edcd775dd338) Importer(815301076,1909f56bfc062723c751e8b465ee728b)
Start importing Assets/shut.3ds using Guid(0cfefb17136af2d459c6edcd775dd338) Importer(815301076,1909f56bfc062723c751e8b465ee728b)  -> (artifact id: '62df72154b6cd6695a8ae70f640f1292') in 0.317094 seconds
Number of updated asset objects reloaded before import = 0
Number of asset objects unloaded after import = 51
========================================================================
Received Prepare
Begin MonoManager ReloadAssembly
- Loaded All Assemblies, in  0.439 seconds
Refreshing native plugins compatible for Editor in 3.28 ms, found 3 plugins.
Native extension for WindowsStandalone target not found
Native extension for WebGL target not found
[Package Manager] Server::EnsureServerProcessIsRunning -- launch failed, reason: Unity was launched with the -noUpm command-line argument
[Package Manager] UpmClient::Send -- Unable to send message (not connected to UPM process).
[Package Manager] Cannot connect to Unity Package Manager local server
Mono: successfully reloaded assembly
- Finished resetting the current domain, in  1.181 seconds
Domain Reload Profiling: 1617ms
	BeginReloadAssembly (157ms)
		ExecutionOrderSort (0ms)
		DisableScriptedObjects (5ms)
		BackupInstance (0ms)
		ReleaseScriptingObjects (0ms)
		CreateAndSetChildDomain (34ms)
	RebuildCommonClasses (32ms)
	RebuildNativeTypeToScriptingClass (11ms)
	initialDomainReloadingComplete (29ms)
	LoadAllAssembliesAndSetupDomain (206ms)
		LoadAssemblies (281ms)
		RebuildTransferFunctionScriptingTraits (0ms)
		AnalyzeDomain (12ms)
			TypeCache.Refresh (5ms)
				TypeCache.ScanAssembly (0ms)
			ScanForSourceGeneratedMonoScriptInfo (0ms)
			ResolveRequiredComponents (5ms)
	FinalizeReload (1182ms)
		ReleaseScriptCaches (0ms)
		RebuildScriptCaches (0ms)
		SetupLoadedEditorAssemblies (588ms)
			LogAssemblyErrors (0ms)
			InitializePlatformSupportModulesInManaged (13ms)
			SetLoadedEditorAssemblies (5ms)
			RefreshPlugins (0ms)
			BeforeProcessingInitializeOnLoad (89ms)
			ProcessInitializeOnLoadAttributes (432ms)
			ProcessInitializeOnLoadMethodAttributes (38ms)
			AfterProcessingInitializeOnLoad (11ms)
			EditorAssembliesLoaded (0ms)
		ExecutionOrderSort2 (0ms)
		AwakeInstancesAfterBackupRestoration (12ms)
Refreshing native plugins compatible for Editor in 4.70 ms, found 3 plugins.
Preloading 0 native plugins for Editor in 0.00 ms.
Unloading 3090 Unused Serialized files (Serialized files now loaded: 0)
Unloading 23 unused Assets / (31.0 KB). Loaded Objects now: 3611.
Memory consumption went from 129.0 MB to 129.0 MB.
Total: 4.995900 ms (FindLiveObjects: 0.465400 ms CreateObjectMapping: 0.409800 ms MarkObjects: 4.063300 ms  DeleteObjects: 0.056100 ms)

Prepare: number of updated asset objects reloaded= 0
AssetImportParameters requested are different than current active one (requested -> active):
  custom:container-demuxer-ogg: 62fdf1f143b41e24485cea50d1cbac27 -> 
  custom:video-decoder-ogg-theora: a1e56fd34408186e4bbccfd4996cb3dc -> 
  custom:framework-win-MediaFoundation: 216162199b28c13a410421893ffa2e32 -> 
  custom:CustomObjectIndexerAttribute: 9a22284fe3817be447336de3de66b15e -> 
  custom:container-demuxer-webm: 4f35f7cbe854078d1ac9338744f61a02 -> 
  custom:container-muxer-webm: aa71ff27fc2769a1b78a27578f13a17b -> 
  custom:video-decoder-webm-vp8: 9c59270c3fd7afecdb556c50c9e8de78 -> 
  custom:SearchIndexIgnoredProperties: e643bd26f0fe6173181afceb89e7c659 -> 
  custom:AudioImporter_EditorPlatform: d09bf68614088b80899f8185d706f6e7 -> 
  custom:video-encoder-webm-vp8: eb34c28f22e8b96e1ab97ce403110664 -> 
  custom:audio-decoder-ogg-vorbis: bf7c407c2cedff20999df2af8eb42d56 -> 
  custom:audio-encoder-webm-vorbis: bf7c407c2cedff20999df2af8eb42d56 -> 
========================================================================
Received Import Request.
  Time since last request: 312.855949 seconds.
  path: Assets/shuttle-hi-res.zip
  artifactKey: Guid(404ce16c6185de642860943b244731b4) Importer(815301076,1909f56bfc062723c751e8b465ee728b)
Start importing Assets/shuttle-hi-res.zip using Guid(404ce16c6185de642860943b244731b4) Importer(815301076,1909f56bfc062723c751e8b465ee728b)  -> (artifact id: '01b278c09238bacbc9f0a94451877b89') in 0.020609 seconds
Number of updated asset objects reloaded before import = 0
Number of asset objects unloaded after import = 1
========================================================================
Received Prepare
Begin MonoManager ReloadAssembly
- Loaded All Assemblies, in  0.453 seconds
Refreshing native plugins compatible for Editor in 3.37 ms, found 3 plugins.
Native extension for WindowsStandalone target not found
Native extension for WebGL target not found
[Package Manager] Server::EnsureServerProcessIsRunning -- launch failed, reason: Unity was launched with the -noUpm command-line argument
[Package Manager] UpmClient::Send -- Unable to send message (not connected to UPM process).
[Package Manager] Cannot connect to Unity Package Manager local server
Mono: successfully reloaded assembly
- Finished resetting the current domain, in  1.456 seconds
Domain Reload Profiling: 1906ms
	BeginReloadAssembly (151ms)
		ExecutionOrderSort (0ms)
		DisableScriptedObjects (5ms)
		BackupInstance (0ms)
		ReleaseScriptingObjects (0ms)
		CreateAndSetChildDomain (31ms)
	RebuildCommonClasses (33ms)
	RebuildNativeTypeToScriptingClass (11ms)
	initialDomainReloadingComplete (29ms)
	LoadAllAssembliesAndSetupDomain (227ms)
		LoadAssemblies (296ms)
		RebuildTransferFunctionScriptingTraits (0ms)
		AnalyzeDomain (14ms)
			TypeCache.Refresh (7ms)
				TypeCache.ScanAssembly (0ms)
			ScanForSourceGeneratedMonoScriptInfo (0ms)
			ResolveRequiredComponents (6ms)
	FinalizeReload (1456ms)
		ReleaseScriptCaches (0ms)
		RebuildScriptCaches (0ms)
		SetupLoadedEditorAssemblies (595ms)
			LogAssemblyErrors (0ms)
			InitializePlatformSupportModulesInManaged (14ms)
			SetLoadedEditorAssemblies (5ms)
			RefreshPlugins (0ms)
			BeforeProcessingInitializeOnLoad (91ms)
			ProcessInitializeOnLoadAttributes (438ms)
			ProcessInitializeOnLoadMethodAttributes (35ms)
			AfterProcessingInitializeOnLoad (11ms)
			EditorAssembliesLoaded (0ms)
		ExecutionOrderSort2 (0ms)
		AwakeInstancesAfterBackupRestoration (10ms)
Refreshing native plugins compatible for Editor in 5.04 ms, found 3 plugins.
Preloading 0 native plugins for Editor in 0.00 ms.
Unloading 3090 Unused Serialized files (Serialized files now loaded: 0)
Unloading 23 unused Assets / (31.1 KB). Loaded Objects now: 3614.
Memory consumption went from 131.0 MB to 130.9 MB.
Total: 5.234700 ms (FindLiveObjects: 0.319300 ms CreateObjectMapping: 0.362200 ms MarkObjects: 4.448300 ms  DeleteObjects: 0.103200 ms)

Prepare: number of updated asset objects reloaded= 0
AssetImportParameters requested are different than current active one (requested -> active):
  custom:container-demuxer-ogg: 62fdf1f143b41e24485cea50d1cbac27 -> 
  custom:video-decoder-ogg-theora: a1e56fd34408186e4bbccfd4996cb3dc -> 
  custom:framework-win-MediaFoundation: 216162199b28c13a410421893ffa2e32 -> 
  custom:CustomObjectIndexerAttribute: 9a22284fe3817be447336de3de66b15e -> 
  custom:container-demuxer-webm: 4f35f7cbe854078d1ac9338744f61a02 -> 
  custom:container-muxer-webm: aa71ff27fc2769a1b78a27578f13a17b -> 
  custom:video-decoder-webm-vp8: 9c59270c3fd7afecdb556c50c9e8de78 -> 
  custom:SearchIndexIgnoredProperties: e643bd26f0fe6173181afceb89e7c659 -> 
  custom:AudioImporter_EditorPlatform: d09bf68614088b80899f8185d706f6e7 -> 
  custom:video-encoder-webm-vp8: eb34c28f22e8b96e1ab97ce403110664 -> 
  custom:audio-decoder-ogg-vorbis: bf7c407c2cedff20999df2af8eb42d56 -> 
  custom:audio-encoder-webm-vorbis: bf7c407c2cedff20999df2af8eb42d56 -> 
========================================================================
Received Import Request.
  Time since last request: 110.493680 seconds.
  path: Assets/SpaceSkies Free
  artifactKey: Guid(199319c3af83f634bb9cae36ec39043b) Importer(815301076,1909f56bfc062723c751e8b465ee728b)
Start importing Assets/SpaceSkies Free using Guid(199319c3af83f634bb9cae36ec39043b) Importer(815301076,1909f56bfc062723c751e8b465ee728b)  -> (artifact id: '8f30a21705b64e9c3b6e42238f50e9fa') in 0.003053 seconds
Number of updated asset objects reloaded before import = 0
Number of asset objects unloaded after import = 0
========================================================================
Received Import Request.
  Time since last request: 1.442544 seconds.
  path: Assets/shuttle-hi-res
  artifactKey: Guid(1bbe9f6543f5e774ba29bd6530d8b60f) Importer(815301076,1909f56bfc062723c751e8b465ee728b)
Start importing Assets/shuttle-hi-res using Guid(1bbe9f6543f5e774ba29bd6530d8b60f) Importer(815301076,1909f56bfc062723c751e8b465ee728b)  -> (artifact id: 'b8f9a1fdda00b0161e6be9c7fccc6224') in 0.000606 seconds
Number of updated asset objects reloaded before import = 0
Number of asset objects unloaded after import = 0
========================================================================
Received Import Request.
  Time since last request: 0.870391 seconds.
  path: Assets/shuttle-hi-res/door-prt.3ds
  artifactKey: Guid(8c071fedc4331384d8a8757bd73ad72b) Importer(815301076,1909f56bfc062723c751e8b465ee728b)
Start importing Assets/shuttle-hi-res/door-prt.3ds using Guid(8c071fedc4331384d8a8757bd73ad72b) Importer(815301076,1909f56bfc062723c751e8b465ee728b)  -> (artifact id: 'dd2edf038a98ec8d823c33675c4be884') in 0.265703 seconds
Number of updated asset objects reloaded before import = 0
Number of asset objects unloaded after import = 13
========================================================================
Received Import Request.
  Time since last request: 0.000061 seconds.
  path: Assets/shuttle-hi-res/rcs.3ds
  artifactKey: Guid(50cee2e2606bf32408fb1634b3b4351a) Importer(815301076,1909f56bfc062723c751e8b465ee728b)
Start importing Assets/shuttle-hi-res/rcs.3ds using Guid(50cee2e2606bf32408fb1634b3b4351a) Importer(815301076,1909f56bfc062723c751e8b465ee728b)  -> (artifact id: '0d45e9f6fe0216b207adabb9dc920e0f') in 0.099619 seconds
Number of updated asset objects reloaded before import = 0
Number of asset objects unloaded after import = 11
========================================================================
Received Import Request.
  Time since last request: 0.000025 seconds.
  path: Assets/shuttle-hi-res/shut.3ds
  artifactKey: Guid(51e8f5be8ec8012458aa2a36daa831a6) Importer(815301076,1909f56bfc062723c751e8b465ee728b)
Start importing Assets/shuttle-hi-res/shut.3ds using Guid(51e8f5be8ec8012458aa2a36daa831a6) Importer(815301076,1909f56bfc062723c751e8b465ee728b)  -> (artifact id: '4734ae5b0e5d508f71871bf56d3cfedb') in 1.052810 seconds
Number of updated asset objects reloaded before import = 0
Number of asset objects unloaded after import = 57
========================================================================
Received Import Request.
  Time since last request: 0.000103 seconds.
  path: Assets/shuttle-hi-res/door-stb.3ds
  artifactKey: Guid(9ce590839cbc9c348bcb277424ca54e9) Importer(815301076,1909f56bfc062723c751e8b465ee728b)
Start importing Assets/shuttle-hi-res/door-stb.3ds using Guid(9ce590839cbc9c348bcb277424ca54e9) Importer(815301076,1909f56bfc062723c751e8b465ee728b)  -> (artifact id: 'ab137835499d39df6eca76b99dac7667') in 0.145135 seconds
Number of updated asset objects reloaded before import = 0
Number of asset objects unloaded after import = 13
========================================================================
Received Import Request.
  Time since last request: 0.000029 seconds.
  path: Assets/shuttle-hi-res/eng.3ds
  artifactKey: Guid(199eeeb0643ea52428a912f9aa2e4347) Importer(815301076,1909f56bfc062723c751e8b465ee728b)
Start importing Assets/shuttle-hi-res/eng.3ds using Guid(199eeeb0643ea52428a912f9aa2e4347) Importer(815301076,1909f56bfc062723c751e8b465ee728b)  -> (artifact id: 'ea7b0cd5f255dcd37bcf13e8b21dc7a1') in 0.100674 seconds
Number of updated asset objects reloaded before import = 0
Number of asset objects unloaded after import = 11
========================================================================
Received Prepare
Begin MonoManager ReloadAssembly
- Loaded All Assemblies, in  0.433 seconds
Refreshing native plugins compatible for Editor in 3.20 ms, found 3 plugins.
Native extension for WindowsStandalone target not found
Native extension for WebGL target not found
[Package Manager] Server::EnsureServerProcessIsRunning -- launch failed, reason: Unity was launched with the -noUpm command-line argument
[Package Manager] UpmClient::Send -- Unable to send message (not connected to UPM process).
[Package Manager] Cannot connect to Unity Package Manager local server
Mono: successfully reloaded assembly
- Finished resetting the current domain, in  0.834 seconds
Domain Reload Profiling: 1264ms
	BeginReloadAssembly (154ms)
		ExecutionOrderSort (0ms)
		DisableScriptedObjects (4ms)
		BackupInstance (0ms)
		ReleaseScriptingObjects (0ms)
		CreateAndSetChildDomain (34ms)
	RebuildCommonClasses (32ms)
	RebuildNativeTypeToScriptingClass (11ms)
	initialDomainReloadingComplete (30ms)
	LoadAllAssembliesAndSetupDomain (203ms)
		LoadAssemblies (273ms)
		RebuildTransferFunctionScriptingTraits (0ms)
		AnalyzeDomain (12ms)
			TypeCache.Refresh (5ms)
				TypeCache.ScanAssembly (0ms)
			ScanForSourceGeneratedMonoScriptInfo (0ms)
			ResolveRequiredComponents (5ms)
	FinalizeReload (834ms)
		ReleaseScriptCaches (0ms)
		RebuildScriptCaches (0ms)
		SetupLoadedEditorAssemblies (363ms)
			LogAssemblyErrors (0ms)
			InitializePlatformSupportModulesInManaged (8ms)
			SetLoadedEditorAssemblies (3ms)
			RefreshPlugins (0ms)
			BeforeProcessingInitializeOnLoad (58ms)
			ProcessInitializeOnLoadAttributes (263ms)
			ProcessInitializeOnLoadMethodAttributes (23ms)
			AfterProcessingInitializeOnLoad (9ms)
			EditorAssembliesLoaded (0ms)
		ExecutionOrderSort2 (0ms)
		AwakeInstancesAfterBackupRestoration (7ms)
Refreshing native plugins compatible for Editor in 3.22 ms, found 3 plugins.
Preloading 0 native plugins for Editor in 0.00 ms.
Unloading 3090 Unused Serialized files (Serialized files now loaded: 0)
Unloading 23 unused Assets / (31.1 KB). Loaded Objects now: 3617.
Memory consumption went from 132.9 MB to 132.9 MB.
Total: 3.107600 ms (FindLiveObjects: 0.245000 ms CreateObjectMapping: 0.183800 ms MarkObjects: 2.626900 ms  DeleteObjects: 0.051200 ms)

Prepare: number of updated asset objects reloaded= 0
AssetImportParameters requested are different than current active one (requested -> active):
  custom:container-demuxer-ogg: 62fdf1f143b41e24485cea50d1cbac27 -> 
  custom:video-decoder-ogg-theora: a1e56fd34408186e4bbccfd4996cb3dc -> 
  custom:framework-win-MediaFoundation: 216162199b28c13a410421893ffa2e32 -> 
  custom:CustomObjectIndexerAttribute: 9a22284fe3817be447336de3de66b15e -> 
  custom:container-demuxer-webm: 4f35f7cbe854078d1ac9338744f61a02 -> 
  custom:container-muxer-webm: aa71ff27fc2769a1b78a27578f13a17b -> 
  custom:video-decoder-webm-vp8: 9c59270c3fd7afecdb556c50c9e8de78 -> 
  custom:SearchIndexIgnoredProperties: e643bd26f0fe6173181afceb89e7c659 -> 
  custom:AudioImporter_EditorPlatform: d09bf68614088b80899f8185d706f6e7 -> 
  custom:video-encoder-webm-vp8: eb34c28f22e8b96e1ab97ce403110664 -> 
  custom:audio-decoder-ogg-vorbis: bf7c407c2cedff20999df2af8eb42d56 -> 
  custom:audio-encoder-webm-vorbis: bf7c407c2cedff20999df2af8eb42d56 -> 
========================================================================
Received Prepare
Begin MonoManager ReloadAssembly
- Loaded All Assemblies, in  0.428 seconds
Refreshing native plugins compatible for Editor in 3.28 ms, found 3 plugins.
Native extension for WindowsStandalone target not found
Native extension for WebGL target not found
[Package Manager] Server::EnsureServerProcessIsRunning -- launch failed, reason: Unity was launched with the -noUpm command-line argument
[Package Manager] UpmClient::Send -- Unable to send message (not connected to UPM process).
[Package Manager] Cannot connect to Unity Package Manager local server
Mono: successfully reloaded assembly
- Finished resetting the current domain, in  0.839 seconds
Domain Reload Profiling: 1264ms
	BeginReloadAssembly (148ms)
		ExecutionOrderSort (0ms)
		DisableScriptedObjects (5ms)
		BackupInstance (0ms)
		ReleaseScriptingObjects (0ms)
		CreateAndSetChildDomain (30ms)
	RebuildCommonClasses (32ms)
	RebuildNativeTypeToScriptingClass (11ms)
	initialDomainReloadingComplete (29ms)
	LoadAllAssembliesAndSetupDomain (204ms)
		LoadAssemblies (274ms)
		RebuildTransferFunctionScriptingTraits (0ms)
		AnalyzeDomain (12ms)
			TypeCache.Refresh (5ms)
				TypeCache.ScanAssembly (0ms)
			ScanForSourceGeneratedMonoScriptInfo (0ms)
			ResolveRequiredComponents (5ms)
	FinalizeReload (840ms)
		ReleaseScriptCaches (0ms)
		RebuildScriptCaches (0ms)
		SetupLoadedEditorAssemblies (372ms)
			LogAssemblyErrors (0ms)
			InitializePlatformSupportModulesInManaged (8ms)
			SetLoadedEditorAssemblies (3ms)
			RefreshPlugins (0ms)
			BeforeProcessingInitializeOnLoad (57ms)
			ProcessInitializeOnLoadAttributes (274ms)
			ProcessInitializeOnLoadMethodAttributes (21ms)
			AfterProcessingInitializeOnLoad (8ms)
			EditorAssembliesLoaded (0ms)
		ExecutionOrderSort2 (0ms)
		AwakeInstancesAfterBackupRestoration (7ms)
Refreshing native plugins compatible for Editor in 3.23 ms, found 3 plugins.
Preloading 0 native plugins for Editor in 0.00 ms.
Unloading 3091 Unused Serialized files (Serialized files now loaded: 0)
Unloading 23 unused Assets / (31.1 KB). Loaded Objects now: 3620.
Memory consumption went from 135.1 MB to 135.1 MB.
Total: 3.000000 ms (FindLiveObjects: 0.257800 ms CreateObjectMapping: 0.175500 ms MarkObjects: 2.525900 ms  DeleteObjects: 0.040100 ms)

Prepare: number of updated asset objects reloaded= 0
AssetImportParameters requested are different than current active one (requested -> active):
  custom:container-demuxer-ogg: 62fdf1f143b41e24485cea50d1cbac27 -> 
  custom:video-decoder-ogg-theora: a1e56fd34408186e4bbccfd4996cb3dc -> 
  custom:framework-win-MediaFoundation: 216162199b28c13a410421893ffa2e32 -> 
  custom:CustomObjectIndexerAttribute: 9a22284fe3817be447336de3de66b15e -> 
  custom:container-demuxer-webm: 4f35f7cbe854078d1ac9338744f61a02 -> 
  custom:container-muxer-webm: aa71ff27fc2769a1b78a27578f13a17b -> 
  custom:video-decoder-webm-vp8: 9c59270c3fd7afecdb556c50c9e8de78 -> 
  custom:SearchIndexIgnoredProperties: e643bd26f0fe6173181afceb89e7c659 -> 
  custom:AudioImporter_EditorPlatform: d09bf68614088b80899f8185d706f6e7 -> 
  custom:video-encoder-webm-vp8: eb34c28f22e8b96e1ab97ce403110664 -> 
  custom:audio-decoder-ogg-vorbis: bf7c407c2cedff20999df2af8eb42d56 -> 
  custom:audio-encoder-webm-vorbis: bf7c407c2cedff20999df2af8eb42d56 -> 
========================================================================
Received Prepare
Begin MonoManager ReloadAssembly
- Loaded All Assemblies, in  0.435 seconds
Refreshing native plugins compatible for Editor in 3.24 ms, found 3 plugins.
Native extension for WindowsStandalone target not found
Native extension for WebGL target not found
[Package Manager] Server::EnsureServerProcessIsRunning -- launch failed, reason: Unity was launched with the -noUpm command-line argument
[Package Manager] UpmClient::Send -- Unable to send message (not connected to UPM process).
[Package Manager] Cannot connect to Unity Package Manager local server
Mono: successfully reloaded assembly
- Finished resetting the current domain, in  1.151 seconds
Domain Reload Profiling: 1584ms
	BeginReloadAssembly (151ms)
		ExecutionOrderSort (0ms)
		DisableScriptedObjects (5ms)
		BackupInstance (0ms)
		ReleaseScriptingObjects (0ms)
		CreateAndSetChildDomain (32ms)
	RebuildCommonClasses (32ms)
	RebuildNativeTypeToScriptingClass (11ms)
	initialDomainReloadingComplete (29ms)
	LoadAllAssembliesAndSetupDomain (209ms)
		LoadAssemblies (279ms)
		RebuildTransferFunctionScriptingTraits (0ms)
		AnalyzeDomain (12ms)
			TypeCache.Refresh (5ms)
				TypeCache.ScanAssembly (0ms)
			ScanForSourceGeneratedMonoScriptInfo (0ms)
			ResolveRequiredComponents (5ms)
	FinalizeReload (1152ms)
		ReleaseScriptCaches (0ms)
		RebuildScriptCaches (0ms)
		SetupLoadedEditorAssemblies (582ms)
			LogAssemblyErrors (0ms)
			InitializePlatformSupportModulesInManaged (13ms)
			SetLoadedEditorAssemblies (5ms)
			RefreshPlugins (0ms)
			BeforeProcessingInitializeOnLoad (87ms)
			ProcessInitializeOnLoadAttributes (428ms)
			ProcessInitializeOnLoadMethodAttributes (38ms)
			AfterProcessingInitializeOnLoad (11ms)
			EditorAssembliesLoaded (0ms)
		ExecutionOrderSort2 (0ms)
		AwakeInstancesAfterBackupRestoration (13ms)
Refreshing native plugins compatible for Editor in 4.47 ms, found 3 plugins.
Preloading 0 native plugins for Editor in 0.00 ms.
Unloading 3091 Unused Serialized files (Serialized files now loaded: 0)
Unloading 23 unused Assets / (31.1 KB). Loaded Objects now: 3623.
Memory consumption went from 137.1 MB to 137.0 MB.
Total: 5.216800 ms (FindLiveObjects: 0.287700 ms CreateObjectMapping: 0.649800 ms MarkObjects: 4.192100 ms  DeleteObjects: 0.084800 ms)

Prepare: number of updated asset objects reloaded= 0
AssetImportParameters requested are different than current active one (requested -> active):
  custom:container-demuxer-ogg: 62fdf1f143b41e24485cea50d1cbac27 -> 
  custom:video-decoder-ogg-theora: a1e56fd34408186e4bbccfd4996cb3dc -> 
  custom:framework-win-MediaFoundation: 216162199b28c13a410421893ffa2e32 -> 
  custom:CustomObjectIndexerAttribute: 9a22284fe3817be447336de3de66b15e -> 
  custom:container-demuxer-webm: 4f35f7cbe854078d1ac9338744f61a02 -> 
  custom:container-muxer-webm: aa71ff27fc2769a1b78a27578f13a17b -> 
  custom:video-decoder-webm-vp8: 9c59270c3fd7afecdb556c50c9e8de78 -> 
  custom:SearchIndexIgnoredProperties: e643bd26f0fe6173181afceb89e7c659 -> 
  custom:AudioImporter_EditorPlatform: d09bf68614088b80899f8185d706f6e7 -> 
  custom:video-encoder-webm-vp8: eb34c28f22e8b96e1ab97ce403110664 -> 
  custom:audio-decoder-ogg-vorbis: bf7c407c2cedff20999df2af8eb42d56 -> 
  custom:audio-encoder-webm-vorbis: bf7c407c2cedff20999df2af8eb42d56 -> 
========================================================================
Received Prepare
Begin MonoManager ReloadAssembly
- Loaded All Assemblies, in  0.437 seconds
Refreshing native plugins compatible for Editor in 3.23 ms, found 3 plugins.
Native extension for WindowsStandalone target not found
Native extension for WebGL target not found
[Package Manager] Server::EnsureServerProcessIsRunning -- launch failed, reason: Unity was launched with the -noUpm command-line argument
[Package Manager] UpmClient::Send -- Unable to send message (not connected to UPM process).
[Package Manager] Cannot connect to Unity Package Manager local server
Mono: successfully reloaded assembly
- Finished resetting the current domain, in  1.147 seconds
Domain Reload Profiling: 1581ms
	BeginReloadAssembly (152ms)
		ExecutionOrderSort (0ms)
		DisableScriptedObjects (8ms)
		BackupInstance (0ms)
		ReleaseScriptingObjects (0ms)
		CreateAndSetChildDomain (29ms)
	RebuildCommonClasses (34ms)
	RebuildNativeTypeToScriptingClass (11ms)
	initialDomainReloadingComplete (30ms)
	LoadAllAssembliesAndSetupDomain (207ms)
		LoadAssemblies (277ms)
		RebuildTransferFunctionScriptingTraits (0ms)
		AnalyzeDomain (12ms)
			TypeCache.Refresh (5ms)
				TypeCache.ScanAssembly (0ms)
			ScanForSourceGeneratedMonoScriptInfo (0ms)
			ResolveRequiredComponents (6ms)
	FinalizeReload (1148ms)
		ReleaseScriptCaches (0ms)
		RebuildScriptCaches (0ms)
		SetupLoadedEditorAssemblies (599ms)
			LogAssemblyErrors (0ms)
			InitializePlatformSupportModulesInManaged (15ms)
			SetLoadedEditorAssemblies (5ms)
			RefreshPlugins (0ms)
			BeforeProcessingInitializeOnLoad (87ms)
			ProcessInitializeOnLoadAttributes (435ms)
			ProcessInitializeOnLoadMethodAttributes (45ms)
			AfterProcessingInitializeOnLoad (12ms)
			EditorAssembliesLoaded (0ms)
		ExecutionOrderSort2 (0ms)
		AwakeInstancesAfterBackupRestoration (12ms)
Refreshing native plugins compatible for Editor in 4.91 ms, found 3 plugins.
Preloading 0 native plugins for Editor in 0.00 ms.
Unloading 3091 Unused Serialized files (Serialized files now loaded: 0)
Unloading 23 unused Assets / (31.1 KB). Loaded Objects now: 3626.
Memory consumption went from 139.0 MB to 139.0 MB.
Total: 4.704500 ms (FindLiveObjects: 0.293700 ms CreateObjectMapping: 0.435300 ms MarkObjects: 3.880400 ms  DeleteObjects: 0.093300 ms)

Prepare: number of updated asset objects reloaded= 0
AssetImportParameters requested are different than current active one (requested -> active):
  custom:container-demuxer-ogg: 62fdf1f143b41e24485cea50d1cbac27 -> 
  custom:video-decoder-ogg-theora: a1e56fd34408186e4bbccfd4996cb3dc -> 
  custom:framework-win-MediaFoundation: 216162199b28c13a410421893ffa2e32 -> 
  custom:CustomObjectIndexerAttribute: 9a22284fe3817be447336de3de66b15e -> 
  custom:container-demuxer-webm: 4f35f7cbe854078d1ac9338744f61a02 -> 
  custom:container-muxer-webm: aa71ff27fc2769a1b78a27578f13a17b -> 
  custom:video-decoder-webm-vp8: 9c59270c3fd7afecdb556c50c9e8de78 -> 
  custom:SearchIndexIgnoredProperties: e643bd26f0fe6173181afceb89e7c659 -> 
  custom:AudioImporter_EditorPlatform: d09bf68614088b80899f8185d706f6e7 -> 
  custom:video-encoder-webm-vp8: eb34c28f22e8b96e1ab97ce403110664 -> 
  custom:audio-decoder-ogg-vorbis: bf7c407c2cedff20999df2af8eb42d56 -> 
  custom:audio-encoder-webm-vorbis: bf7c407c2cedff20999df2af8eb42d56 -> 
========================================================================
Received Prepare
Begin MonoManager ReloadAssembly
- Loaded All Assemblies, in  0.434 seconds
Refreshing native plugins compatible for Editor in 3.27 ms, found 3 plugins.
Native extension for WindowsStandalone target not found
Native extension for WebGL target not found
[Package Manager] Server::EnsureServerProcessIsRunning -- launch failed, reason: Unity was launched with the -noUpm command-line argument
[Package Manager] UpmClient::Send -- Unable to send message (not connected to UPM process).
[Package Manager] Cannot connect to Unity Package Manager local server
Mono: successfully reloaded assembly
- Finished resetting the current domain, in  1.141 seconds
Domain Reload Profiling: 1572ms
	BeginReloadAssembly (152ms)
		ExecutionOrderSort (0ms)
		DisableScriptedObjects (5ms)
		BackupInstance (0ms)
		ReleaseScriptingObjects (0ms)
		CreateAndSetChildDomain (30ms)
	RebuildCommonClasses (32ms)
	RebuildNativeTypeToScriptingClass (11ms)
	initialDomainReloadingComplete (29ms)
	LoadAllAssembliesAndSetupDomain (206ms)
		LoadAssemblies (278ms)
		RebuildTransferFunctionScriptingTraits (0ms)
		AnalyzeDomain (12ms)
			TypeCache.Refresh (5ms)
				TypeCache.ScanAssembly (0ms)
			ScanForSourceGeneratedMonoScriptInfo (0ms)
			ResolveRequiredComponents (5ms)
	FinalizeReload (1142ms)
		ReleaseScriptCaches (0ms)
		RebuildScriptCaches (0ms)
		SetupLoadedEditorAssemblies (592ms)
			LogAssemblyErrors (0ms)
			InitializePlatformSupportModulesInManaged (14ms)
			SetLoadedEditorAssemblies (5ms)
			RefreshPlugins (0ms)
			BeforeProcessingInitializeOnLoad (88ms)
			ProcessInitializeOnLoadAttributes (434ms)
			ProcessInitializeOnLoadMethodAttributes (39ms)
			AfterProcessingInitializeOnLoad (12ms)
			EditorAssembliesLoaded (0ms)
		ExecutionOrderSort2 (0ms)
		AwakeInstancesAfterBackupRestoration (12ms)
Refreshing native plugins compatible for Editor in 4.42 ms, found 3 plugins.
Preloading 0 native plugins for Editor in 0.00 ms.
Unloading 3091 Unused Serialized files (Serialized files now loaded: 0)
Unloading 23 unused Assets / (31.0 KB). Loaded Objects now: 3629.
Memory consumption went from 140.9 MB to 140.9 MB.
Total: 5.085100 ms (FindLiveObjects: 0.301100 ms CreateObjectMapping: 0.480400 ms MarkObjects: 4.166100 ms  DeleteObjects: 0.135700 ms)

Prepare: number of updated asset objects reloaded= 0
AssetImportParameters requested are different than current active one (requested -> active):
  custom:container-demuxer-ogg: 62fdf1f143b41e24485cea50d1cbac27 -> 
  custom:video-decoder-ogg-theora: a1e56fd34408186e4bbccfd4996cb3dc -> 
  custom:framework-win-MediaFoundation: 216162199b28c13a410421893ffa2e32 -> 
  custom:CustomObjectIndexerAttribute: 9a22284fe3817be447336de3de66b15e -> 
  custom:container-demuxer-webm: 4f35f7cbe854078d1ac9338744f61a02 -> 
  custom:container-muxer-webm: aa71ff27fc2769a1b78a27578f13a17b -> 
  custom:video-decoder-webm-vp8: 9c59270c3fd7afecdb556c50c9e8de78 -> 
  custom:SearchIndexIgnoredProperties: e643bd26f0fe6173181afceb89e7c659 -> 
  custom:AudioImporter_EditorPlatform: d09bf68614088b80899f8185d706f6e7 -> 
  custom:video-encoder-webm-vp8: eb34c28f22e8b96e1ab97ce403110664 -> 
  custom:audio-decoder-ogg-vorbis: bf7c407c2cedff20999df2af8eb42d56 -> 
  custom:audio-encoder-webm-vorbis: bf7c407c2cedff20999df2af8eb42d56 -> 
========================================================================
Received Import Request.
  Time since last request: 157.070167 seconds.
  path: Assets/shuttle-hi-res/Textures
  artifactKey: Guid(8f2806254cf22b54b86726e08c80b932) Importer(815301076,1909f56bfc062723c751e8b465ee728b)
Start importing Assets/shuttle-hi-res/Textures using Guid(8f2806254cf22b54b86726e08c80b932) Importer(815301076,1909f56bfc062723c751e8b465ee728b)  -> (artifact id: 'd17607f4f1789cfb29283414834b6095') in 0.001694 seconds
Number of updated asset objects reloaded before import = 0
Number of asset objects unloaded after import = 0
========================================================================
Received Import Request.
  Time since last request: 0.029593 seconds.
  path: Assets/shuttle-hi-res/Textures/baytile.jpg
  artifactKey: Guid(caad3957dc9948d488596895bee5e50d) Importer(815301076,1909f56bfc062723c751e8b465ee728b)
Start importing Assets/shuttle-hi-res/Textures/baytile.jpg using Guid(caad3957dc9948d488596895bee5e50d) Importer(815301076,1909f56bfc062723c751e8b465ee728b)  -> (artifact id: '22d04960eb6223ad9ebcf078ca3441cb') in 0.117218 seconds
Number of updated asset objects reloaded before import = 0
Number of asset objects unloaded after import = 2
========================================================================
Received Import Request.
  Time since last request: 0.000043 seconds.
  path: Assets/shuttle-hi-res/Textures/OMS-pod-prt.jpg
  artifactKey: Guid(8e2fa6fa6d97ab240807fcc970fd7531) Importer(815301076,1909f56bfc062723c751e8b465ee728b)
Start importing Assets/shuttle-hi-res/Textures/OMS-pod-prt.jpg using Guid(8e2fa6fa6d97ab240807fcc970fd7531) Importer(815301076,1909f56bfc062723c751e8b465ee728b)  -> (artifact id: 'ccbdaa43117087a301fcef31ca22d520') in 0.030740 seconds
Number of updated asset objects reloaded before import = 0
Number of asset objects unloaded after import = 2
========================================================================
Received Import Request.
  Time since last request: 0.000078 seconds.
  path: Assets/shuttle-hi-res/Textures/side-stb-D.tif
  artifactKey: Guid(a5454035c2dd8e549a4564cabe6740f9) Importer(815301076,1909f56bfc062723c751e8b465ee728b)
Start importing Assets/shuttle-hi-res/Textures/side-stb-D.tif using Guid(a5454035c2dd8e549a4564cabe6740f9) Importer(815301076,1909f56bfc062723c751e8b465ee728b)  -> (artifact id: 'e340aa791f5bc52849f7f3c5c21883d9') in 0.015770 seconds
Number of updated asset objects reloaded before import = 0
Number of asset objects unloaded after import = 2
========================================================================
Received Import Request.
  Time since last request: 0.000020 seconds.
  path: Assets/shuttle-hi-res/Textures/wingtop.jpg
  artifactKey: Guid(bce55e4071f23ac4c9e65eb67a04b3f4) Importer(815301076,1909f56bfc062723c751e8b465ee728b)
Start importing Assets/shuttle-hi-res/Textures/wingtop.jpg using Guid(bce55e4071f23ac4c9e65eb67a04b3f4) Importer(815301076,1909f56bfc062723c751e8b465ee728b)  -> (artifact id: '1173b6d6983c31c69904fa8cca80d3ff') in 0.016835 seconds
Number of updated asset objects reloaded before import = 0
Number of asset objects unloaded after import = 2
========================================================================
Received Import Request.
  Time since last request: 0.000018 seconds.
  path: Assets/shuttle-hi-res/Textures/tmptop.jpg
  artifactKey: Guid(b58205f9632109d46bbf1526d86afb0b) Importer(815301076,1909f56bfc062723c751e8b465ee728b)
Start importing Assets/shuttle-hi-res/Textures/tmptop.jpg using Guid(b58205f9632109d46bbf1526d86afb0b) Importer(815301076,1909f56bfc062723c751e8b465ee728b)  -> (artifact id: '060be07851e595d7055b9711aebd63de') in 0.019812 seconds
Number of updated asset objects reloaded before import = 0
Number of asset objects unloaded after import = 2
========================================================================
Received Import Request.
  Time since last request: 0.000018 seconds.
  path: Assets/shuttle-hi-res/Textures/canadam.tif
  artifactKey: Guid(829b41a0eaa82ca48b55ebf4277ac4f8) Importer(815301076,1909f56bfc062723c751e8b465ee728b)
Start importing Assets/shuttle-hi-res/Textures/canadam.tif using Guid(829b41a0eaa82ca48b55ebf4277ac4f8) Importer(815301076,1909f56bfc062723c751e8b465ee728b)  -> (artifact id: '186ad38385534c7214fad033e524ecf5') in 0.015996 seconds
Number of updated asset objects reloaded before import = 0
Number of asset objects unloaded after import = 2
========================================================================
Received Import Request.
  Time since last request: 0.000017 seconds.
  path: Assets/shuttle-hi-res/Textures/side-stb.jpg
  artifactKey: Guid(c5824784f4daae7489db7b50bd7ec96c) Importer(815301076,1909f56bfc062723c751e8b465ee728b)
Start importing Assets/shuttle-hi-res/Textures/side-stb.jpg using Guid(c5824784f4daae7489db7b50bd7ec96c) Importer(815301076,1909f56bfc062723c751e8b465ee728b)  -> (artifact id: 'b3c7b9fd865cea63e246113d4cefc829') in 0.019077 seconds
Number of updated asset objects reloaded before import = 0
Number of asset objects unloaded after import = 2
========================================================================
Received Import Request.
  Time since last request: 0.000015 seconds.
  path: Assets/shuttle-hi-res/Textures/belly.jpg
  artifactKey: Guid(e3e399b90afa54941bd737f9e5e749ef) Importer(815301076,1909f56bfc062723c751e8b465ee728b)
Start importing Assets/shuttle-hi-res/Textures/belly.jpg using Guid(e3e399b90afa54941bd737f9e5e749ef) Importer(815301076,1909f56bfc062723c751e8b465ee728b)  -> (artifact id: '6bbe9222c1fc5d5bd5b91be3eaba4a5f') in 0.017355 seconds
Number of updated asset objects reloaded before import = 0
Number of asset objects unloaded after import = 2
========================================================================
Received Import Request.
  Time since last request: 0.000015 seconds.
  path: Assets/shuttle-hi-res/Textures/fusolage-aft-engines.jpg
  artifactKey: Guid(615eaa904a4ed224bb1aa510caaf7d15) Importer(815301076,1909f56bfc062723c751e8b465ee728b)
Start importing Assets/shuttle-hi-res/Textures/fusolage-aft-engines.jpg using Guid(615eaa904a4ed224bb1aa510caaf7d15) Importer(815301076,1909f56bfc062723c751e8b465ee728b)  -> (artifact id: '67857f17a8f866540153f95e271899e2') in 0.018629 seconds
Number of updated asset objects reloaded before import = 0
Number of asset objects unloaded after import = 2
========================================================================
Received Import Request.
  Time since last request: 0.000014 seconds.
  path: Assets/shuttle-hi-res/Textures/side-stb-A.tif
  artifactKey: Guid(0baa6f34f8ba2ef418fe234055a4f575) Importer(815301076,1909f56bfc062723c751e8b465ee728b)
Start importing Assets/shuttle-hi-res/Textures/side-stb-A.tif using Guid(0baa6f34f8ba2ef418fe234055a4f575) Importer(815301076,1909f56bfc062723c751e8b465ee728b)  -> (artifact id: '955b12f4254c5c89cde08abe88fc706e') in 0.018443 seconds
Number of updated asset objects reloaded before import = 0
Number of asset objects unloaded after import = 2
========================================================================
Received Import Request.
  Time since last request: 0.000028 seconds.
  path: Assets/shuttle-hi-res/Textures/fusolage-aft-engines-b.jpg
  artifactKey: Guid(5ede84b1b64db6f4ead6db9965a0063b) Importer(815301076,1909f56bfc062723c751e8b465ee728b)
Start importing Assets/shuttle-hi-res/Textures/fusolage-aft-engines-b.jpg using Guid(5ede84b1b64db6f4ead6db9965a0063b) Importer(815301076,1909f56bfc062723c751e8b465ee728b)  -> (artifact id: '4ff542018d804ef0e2d5f89e6d57eb59') in 0.025176 seconds
Number of updated asset objects reloaded before import = 0
Number of asset objects unloaded after import = 2
========================================================================
Received Import Request.
  Time since last request: 0.000036 seconds.
  path: Assets/shuttle-hi-res/Textures/reflection3.tif
  artifactKey: Guid(7c631750ebe5edb4faba7fbe9ec3e706) Importer(815301076,1909f56bfc062723c751e8b465ee728b)
Start importing Assets/shuttle-hi-res/Textures/reflection3.tif using Guid(7c631750ebe5edb4faba7fbe9ec3e706) Importer(815301076,1909f56bfc062723c751e8b465ee728b)  -> (artifact id: '1275c1796254ff3eeb59d37bb7102471') in 0.013480 seconds
Number of updated asset objects reloaded before import = 0
Number of asset objects unloaded after import = 2
========================================================================
Received Import Request.
  Time since last request: 0.000072 seconds.
  path: Assets/shuttle-hi-res/Textures/wrinkles.tif
  artifactKey: Guid(f8f01da792daa294aba7ae2ea925698e) Importer(815301076,1909f56bfc062723c751e8b465ee728b)
Start importing Assets/shuttle-hi-res/Textures/wrinkles.tif using Guid(f8f01da792daa294aba7ae2ea925698e) Importer(815301076,1909f56bfc062723c751e8b465ee728b)  -> (artifact id: '9a446d44a9a811cdaf63d65d7484f73c') in 0.021121 seconds
Number of updated asset objects reloaded before import = 0
Number of asset objects unloaded after import = 2
========================================================================
Received Import Request.
  Time since last request: 0.000020 seconds.
  path: Assets/shuttle-hi-res/Textures/tile-patch.jpg
  artifactKey: Guid(dfc787f2f767e8246809bab5c0cb2fe8) Importer(815301076,1909f56bfc062723c751e8b465ee728b)
Start importing Assets/shuttle-hi-res/Textures/tile-patch.jpg using Guid(dfc787f2f767e8246809bab5c0cb2fe8) Importer(815301076,1909f56bfc062723c751e8b465ee728b)  -> (artifact id: '15254c9a42a45b0e863c7464803c635f') in 0.024733 seconds
Number of updated asset objects reloaded before import = 0
Number of asset objects unloaded after import = 2
========================================================================
Received Import Request.
  Time since last request: 0.000085 seconds.
  path: Assets/shuttle-hi-res/Textures/OMS-pod-stb.jpg
  artifactKey: Guid(0ecaba570bf5e0c45b7558c58122a1fc) Importer(815301076,1909f56bfc062723c751e8b465ee728b)
Start importing Assets/shuttle-hi-res/Textures/OMS-pod-stb.jpg using Guid(0ecaba570bf5e0c45b7558c58122a1fc) Importer(815301076,1909f56bfc062723c751e8b465ee728b)  -> (artifact id: '46cd0510c0121c6296c4be8233a8db37') in 0.021042 seconds
Number of updated asset objects reloaded before import = 0
Number of asset objects unloaded after import = 2
========================================================================
Received Import Request.
  Time since last request: 0.000028 seconds.
  path: Assets/shuttle-hi-res/Textures/side-prt-A.tif
  artifactKey: Guid(01caa8147c5a1e54fac6da43125a8360) Importer(815301076,1909f56bfc062723c751e8b465ee728b)
Start importing Assets/shuttle-hi-res/Textures/side-prt-A.tif using Guid(01caa8147c5a1e54fac6da43125a8360) Importer(815301076,1909f56bfc062723c751e8b465ee728b)  -> (artifact id: 'a7854f5e97e8b033eb7885e5d072e80c') in 0.027971 seconds
Number of updated asset objects reloaded before import = 0
Number of asset objects unloaded after import = 2
========================================================================
Received Import Request.
  Time since last request: 0.000034 seconds.
  path: Assets/shuttle-hi-res/Textures/wing-flap-top.jpg
  artifactKey: Guid(83699719c08007243ac986a4cda5a0b8) Importer(815301076,1909f56bfc062723c751e8b465ee728b)
Start importing Assets/shuttle-hi-res/Textures/wing-flap-top.jpg using Guid(83699719c08007243ac986a4cda5a0b8) Importer(815301076,1909f56bfc062723c751e8b465ee728b)  -> (artifact id: '69e6a76ace45a7de35f7bef5ace9567d') in 0.029972 seconds
Number of updated asset objects reloaded before import = 0
Number of asset objects unloaded after import = 2
========================================================================
Received Import Request.
  Time since last request: 0.000019 seconds.
  path: Assets/shuttle-hi-res/Textures/side-prt.jpg
  artifactKey: Guid(17e6d918e755d4f49a8015753449228b) Importer(815301076,1909f56bfc062723c751e8b465ee728b)
Start importing Assets/shuttle-hi-res/Textures/side-prt.jpg using Guid(17e6d918e755d4f49a8015753449228b) Importer(815301076,1909f56bfc062723c751e8b465ee728b)  -> (artifact id: '7fb7f9526efa997cd9ad90b3572fc8fb') in 0.033513 seconds
Number of updated asset objects reloaded before import = 0
Number of asset objects unloaded after import = 2
========================================================================
Received Import Request.
  Time since last request: 0.000016 seconds.
  path: Assets/shuttle-hi-res/Textures/shut-doors-side.jpg
  artifactKey: Guid(dc6827b7eed3a104e87d349bbd184da2) Importer(815301076,1909f56bfc062723c751e8b465ee728b)
Start importing Assets/shuttle-hi-res/Textures/shut-doors-side.jpg using Guid(dc6827b7eed3a104e87d349bbd184da2) Importer(815301076,1909f56bfc062723c751e8b465ee728b)  -> (artifact id: '9228441d5dd83f8343b52df8afb267c3') in 0.021832 seconds
Number of updated asset objects reloaded before import = 0
Number of asset objects unloaded after import = 2
========================================================================
Received Import Request.
  Time since last request: 0.000051 seconds.
  path: Assets/shuttle-hi-res/Textures/reflection1.tif
  artifactKey: Guid(8eba5d7fa42df6a48885ebfc6e6ccbef) Importer(815301076,1909f56bfc062723c751e8b465ee728b)
Start importing Assets/shuttle-hi-res/Textures/reflection1.tif using Guid(8eba5d7fa42df6a48885ebfc6e6ccbef) Importer(815301076,1909f56bfc062723c751e8b465ee728b)  -> (artifact id: '79ef71698a4fe7af395df5e271a055e7') in 0.019540 seconds
Number of updated asset objects reloaded before import = 0
Number of asset objects unloaded after import = 2
========================================================================
Received Import Request.
  Time since last request: 0.000025 seconds.
  path: Assets/shuttle-hi-res/Textures/wrinkles-b.tif
  artifactKey: Guid(601780df735e87a4d8aa19dec428de26) Importer(815301076,1909f56bfc062723c751e8b465ee728b)
Start importing Assets/shuttle-hi-res/Textures/wrinkles-b.tif using Guid(601780df735e87a4d8aa19dec428de26) Importer(815301076,1909f56bfc062723c751e8b465ee728b)  -> (artifact id: 'c4c9779dafbdf6c9471b18a634f598e2') in 0.025485 seconds
Number of updated asset objects reloaded before import = 0
Number of asset objects unloaded after import = 2
========================================================================
Received Import Request.
  Time since last request: 0.000024 seconds.
  path: Assets/shuttle-hi-res/Textures/reflection2.tif
  artifactKey: Guid(7e1dc6e313fb4574cae954eb725f708a) Importer(815301076,1909f56bfc062723c751e8b465ee728b)
Start importing Assets/shuttle-hi-res/Textures/reflection2.tif using Guid(7e1dc6e313fb4574cae954eb725f708a) Importer(815301076,1909f56bfc062723c751e8b465ee728b)  -> (artifact id: '078c0cb73f415300f5ac2ba6a7823a90') in 0.028912 seconds
Number of updated asset objects reloaded before import = 0
Number of asset objects unloaded after import = 2
========================================================================
Received Import Request.
  Time since last request: 0.000051 seconds.
  path: Assets/shuttle-hi-res/Textures/tail.jpg
  artifactKey: Guid(a141923a1d2de11449ec0f1e78565d34) Importer(815301076,1909f56bfc062723c751e8b465ee728b)
Start importing Assets/shuttle-hi-res/Textures/tail.jpg using Guid(a141923a1d2de11449ec0f1e78565d34) Importer(815301076,1909f56bfc062723c751e8b465ee728b)  -> (artifact id: '6ec7f9a40d6fdc36d8d31974aae35b90') in 0.030363 seconds
Number of updated asset objects reloaded before import = 0
Number of asset objects unloaded after import = 2
========================================================================
Received Import Request.
  Time since last request: 0.000047 seconds.
  path: Assets/shuttle-hi-res/Textures/side-prt-D.tif
  artifactKey: Guid(7b74659ded7ad054f806a71781fe6e65) Importer(815301076,1909f56bfc062723c751e8b465ee728b)
Start importing Assets/shuttle-hi-res/Textures/side-prt-D.tif using Guid(7b74659ded7ad054f806a71781fe6e65) Importer(815301076,1909f56bfc062723c751e8b465ee728b)  -> (artifact id: '936cbd18c824106347a2144ab4e572fc') in 0.026689 seconds
Number of updated asset objects reloaded before import = 0
Number of asset objects unloaded after import = 2
========================================================================
Received Import Request.
  Time since last request: 0.000045 seconds.
  path: Assets/shuttle-hi-res/Textures/shut-doors-top.jpg
  artifactKey: Guid(31a4304f75c3ff6449a353bfa7bd45b6) Importer(815301076,1909f56bfc062723c751e8b465ee728b)
Start importing Assets/shuttle-hi-res/Textures/shut-doors-top.jpg using Guid(31a4304f75c3ff6449a353bfa7bd45b6) Importer(815301076,1909f56bfc062723c751e8b465ee728b)  -> (artifact id: '80054e5eabf970666c0a68ac4397e434') in 0.027289 seconds
Number of updated asset objects reloaded before import = 0
Number of asset objects unloaded after import = 2
========================================================================
Received Import Request.
  Time since last request: 0.000025 seconds.
  path: Assets/shuttle-hi-res/Textures/wingtop-A.tif
  artifactKey: Guid(faf1fab60cc057641bbd9c3c40bc4a3f) Importer(815301076,1909f56bfc062723c751e8b465ee728b)
Start importing Assets/shuttle-hi-res/Textures/wingtop-A.tif using Guid(faf1fab60cc057641bbd9c3c40bc4a3f) Importer(815301076,1909f56bfc062723c751e8b465ee728b)  -> (artifact id: '576d76e405eb33db30d02e2453be6c49') in 0.034731 seconds
Number of updated asset objects reloaded before import = 0
Number of asset objects unloaded after import = 2
========================================================================
Received Import Request.
  Time since last request: 0.000017 seconds.
  path: Assets/shuttle-hi-res/Textures/bulkhead-fwd.jpg
  artifactKey: Guid(687c81923018d1d4bbbf9fa88bc0c0d9) Importer(815301076,1909f56bfc062723c751e8b465ee728b)
Start importing Assets/shuttle-hi-res/Textures/bulkhead-fwd.jpg using Guid(687c81923018d1d4bbbf9fa88bc0c0d9) Importer(815301076,1909f56bfc062723c751e8b465ee728b)  -> (artifact id: 'b9558ff7dd75b0053752dcd7ae9ab7b7') in 0.023196 seconds
Number of updated asset objects reloaded before import = 0
Number of asset objects unloaded after import = 2
========================================================================
Received Import Request.
  Time since last request: 0.000025 seconds.
  path: Assets/shuttle-hi-res/Textures/canada.tif
  artifactKey: Guid(4623fd0a2b9ab1241b98dd1fab76aedb) Importer(815301076,1909f56bfc062723c751e8b465ee728b)
Start importing Assets/shuttle-hi-res/Textures/canada.tif using Guid(4623fd0a2b9ab1241b98dd1fab76aedb) Importer(815301076,1909f56bfc062723c751e8b465ee728b)  -> (artifact id: '5f45f9949550bb64bcbbf00634fc8fd4') in 0.027119 seconds
Number of updated asset objects reloaded before import = 0
Number of asset objects unloaded after import = 2
========================================================================
Received Import Request.
  Time since last request: 0.000039 seconds.
  path: Assets/shuttle-hi-res/Textures/belly-flap.jpg
  artifactKey: Guid(c4c2dd132a6991340adca028cd9e896d) Importer(815301076,1909f56bfc062723c751e8b465ee728b)
Start importing Assets/shuttle-hi-res/Textures/belly-flap.jpg using Guid(c4c2dd132a6991340adca028cd9e896d) Importer(815301076,1909f56bfc062723c751e8b465ee728b)  -> (artifact id: '02a523da7944b7638ce63970b60f8648') in 0.027424 seconds
Number of updated asset objects reloaded before import = 0
Number of asset objects unloaded after import = 2
========================================================================
Received Import Request.
  Time since last request: 0.000016 seconds.
  path: Assets/shuttle-hi-res/Textures/bulkhead-aft.jpg
  artifactKey: Guid(8be499e034d386a47906f90a9293d8c3) Importer(815301076,1909f56bfc062723c751e8b465ee728b)
Start importing Assets/shuttle-hi-res/Textures/bulkhead-aft.jpg using Guid(8be499e034d386a47906f90a9293d8c3) Importer(815301076,1909f56bfc062723c751e8b465ee728b)  -> (artifact id: '3837b607a80aac7ef15331ba4af340eb') in 0.029268 seconds
Number of updated asset objects reloaded before import = 0
Number of asset objects unloaded after import = 2
========================================================================
Received Import Request.
  Time since last request: 0.000031 seconds.
  path: Assets/shuttle-hi-res/Textures/wingtop-D.tif
  artifactKey: Guid(31cb946df5ef96942abe1936c9e6e441) Importer(815301076,1909f56bfc062723c751e8b465ee728b)
Start importing Assets/shuttle-hi-res/Textures/wingtop-D.tif using Guid(31cb946df5ef96942abe1936c9e6e441) Importer(815301076,1909f56bfc062723c751e8b465ee728b)  -> (artifact id: '3a907bd6768f75f6b4429d0f683cfe62') in 0.030629 seconds
Number of updated asset objects reloaded before import = 0
Number of asset objects unloaded after import = 2
========================================================================
Received Import Request.
  Time since last request: 495.658960 seconds.
  path: Assets/shuttle-hi-res/Textures/wingtop.jpg
  artifactKey: Guid(bce55e4071f23ac4c9e65eb67a04b3f4) Importer(815301076,1909f56bfc062723c751e8b465ee728b)
Start importing Assets/shuttle-hi-res/Textures/wingtop.jpg using Guid(bce55e4071f23ac4c9e65eb67a04b3f4) Importer(815301076,1909f56bfc062723c751e8b465ee728b)  -> (artifact id: '2eb58c747b5f0428ed1925b3a0db5ec9') in 0.013927 seconds
Number of updated asset objects reloaded before import = 0
Number of asset objects unloaded after import = 2
========================================================================
Received Import Request.
  Time since last request: 115.578160 seconds.
  path: Assets/shuttle-hi-res/Textures/reflection1.tif
  artifactKey: Guid(8eba5d7fa42df6a48885ebfc6e6ccbef) Importer(815301076,1909f56bfc062723c751e8b465ee728b)
Start importing Assets/shuttle-hi-res/Textures/reflection1.tif using Guid(8eba5d7fa42df6a48885ebfc6e6ccbef) Importer(815301076,1909f56bfc062723c751e8b465ee728b)  -> (artifact id: '9482c8f8210841062b12655e3e4fa096') in 0.023963 seconds
Number of updated asset objects reloaded before import = 0
Number of asset objects unloaded after import = 2
========================================================================
Received Import Request.
  Time since last request: 11.785949 seconds.
  path: Assets/shuttle-hi-res/Textures/wrinkles-b.tif
  artifactKey: Guid(601780df735e87a4d8aa19dec428de26) Importer(815301076,1909f56bfc062723c751e8b465ee728b)
Start importing Assets/shuttle-hi-res/Textures/wrinkles-b.tif using Guid(601780df735e87a4d8aa19dec428de26) Importer(815301076,1909f56bfc062723c751e8b465ee728b)  -> (artifact id: '86af37f1bfa8d37e8e9dab9166a6378d') in 0.011646 seconds
Number of updated asset objects reloaded before import = 0
Number of asset objects unloaded after import = 2
========================================================================
Received Import Request.
  Time since last request: 28.632328 seconds.
  path: Assets/shuttle-hi-res/Textures/reflection1.tif
  artifactKey: Guid(8eba5d7fa42df6a48885ebfc6e6ccbef) Importer(815301076,1909f56bfc062723c751e8b465ee728b)
Start importing Assets/shuttle-hi-res/Textures/reflection1.tif using Guid(8eba5d7fa42df6a48885ebfc6e6ccbef) Importer(815301076,1909f56bfc062723c751e8b465ee728b)  -> (artifact id: 'da31710604950e970516a998f8e8931c') in 0.014204 seconds
Number of updated asset objects reloaded before import = 0
Number of asset objects unloaded after import = 2
========================================================================
Received Prepare
Begin MonoManager ReloadAssembly
- Loaded All Assemblies, in  0.454 seconds
Refreshing native plugins compatible for Editor in 3.32 ms, found 3 plugins.
Native extension for WindowsStandalone target not found
Native extension for WebGL target not found
[Package Manager] Server::EnsureServerProcessIsRunning -- launch failed, reason: Unity was launched with the -noUpm command-line argument
[Package Manager] UpmClient::Send -- Unable to send message (not connected to UPM process).
[Package Manager] Cannot connect to Unity Package Manager local server
Mono: successfully reloaded assembly
- Finished resetting the current domain, in  1.242 seconds
Domain Reload Profiling: 1694ms
	BeginReloadAssembly (155ms)
		ExecutionOrderSort (0ms)
		DisableScriptedObjects (5ms)
		BackupInstance (0ms)
		ReleaseScriptingObjects (0ms)
		CreateAndSetChildDomain (34ms)
	RebuildCommonClasses (33ms)
	RebuildNativeTypeToScriptingClass (11ms)
	initialDomainReloadingComplete (37ms)
	LoadAllAssembliesAndSetupDomain (214ms)
		LoadAssemblies (285ms)
		RebuildTransferFunctionScriptingTraits (0ms)
		AnalyzeDomain (13ms)
			TypeCache.Refresh (5ms)
				TypeCache.ScanAssembly (0ms)
			ScanForSourceGeneratedMonoScriptInfo (0ms)
			ResolveRequiredComponents (6ms)
	FinalizeReload (1243ms)
		ReleaseScriptCaches (0ms)
		RebuildScriptCaches (0ms)
		SetupLoadedEditorAssemblies (590ms)
			LogAssemblyErrors (0ms)
			InitializePlatformSupportModulesInManaged (16ms)
			SetLoadedEditorAssemblies (5ms)
			RefreshPlugins (0ms)
			BeforeProcessingInitializeOnLoad (89ms)
			ProcessInitializeOnLoadAttributes (431ms)
			ProcessInitializeOnLoadMethodAttributes (36ms)
			AfterProcessingInitializeOnLoad (12ms)
			EditorAssembliesLoaded (0ms)
		ExecutionOrderSort2 (0ms)
		AwakeInstancesAfterBackupRestoration (12ms)
Refreshing native plugins compatible for Editor in 5.41 ms, found 3 plugins.
Preloading 0 native plugins for Editor in 0.00 ms.
Unloading 3090 Unused Serialized files (Serialized files now loaded: 0)
Unloading 23 unused Assets / (31.1 KB). Loaded Objects now: 3642.
Memory consumption went from 142.7 MB to 142.7 MB.
Total: 3.972300 ms (FindLiveObjects: 0.331200 ms CreateObjectMapping: 0.236700 ms MarkObjects: 3.351800 ms  DeleteObjects: 0.051600 ms)

Prepare: number of updated asset objects reloaded= 0
AssetImportParameters requested are different than current active one (requested -> active):
  custom:container-demuxer-ogg: 62fdf1f143b41e24485cea50d1cbac27 -> 
  custom:video-decoder-ogg-theora: a1e56fd34408186e4bbccfd4996cb3dc -> 
  custom:framework-win-MediaFoundation: 216162199b28c13a410421893ffa2e32 -> 
  custom:CustomObjectIndexerAttribute: 9a22284fe3817be447336de3de66b15e -> 
  custom:container-demuxer-webm: 4f35f7cbe854078d1ac9338744f61a02 -> 
  custom:container-muxer-webm: aa71ff27fc2769a1b78a27578f13a17b -> 
  custom:video-decoder-webm-vp8: 9c59270c3fd7afecdb556c50c9e8de78 -> 
  custom:SearchIndexIgnoredProperties: e643bd26f0fe6173181afceb89e7c659 -> 
  custom:AudioImporter_EditorPlatform: d09bf68614088b80899f8185d706f6e7 -> 
  custom:video-encoder-webm-vp8: eb34c28f22e8b96e1ab97ce403110664 -> 
  custom:audio-decoder-ogg-vorbis: bf7c407c2cedff20999df2af8eb42d56 -> 
  custom:audio-encoder-webm-vorbis: bf7c407c2cedff20999df2af8eb42d56 -> 
