Using pre-set license
Built from '2022.3/staging' branch; Version is '2022.3.24f1 (334eb2a0b267) revision 3362482'; Using compiler version '192829333'; Build Type 'Release'
OS: 'Windows 11  (10.0.22631) 64bit Core' Language: 'en' Physical Memory: 7931 MB
BatchMode: 1, IsHumanControllingUs: 0, StartBugReporterOnCrash: 0, Is64bit: 1, IsPro: 1

COMMAND LINE ARGUMENTS:
C:\Program Files\Unity\Hub\Editor\2022.3.24f1\Editor\Unity.exe
-adb2
-batchMode
-noUpm
-name
AssetImportWorker0
-projectPath
C:/Users/zande/UnityProjects/Hackathon2024
-logFile
Logs/AssetImportWorker0.log
-srvPort
64381
Successfully changed project path to: C:/Users/zande/UnityProjects/Hackathon2024
C:/Users/zande/UnityProjects/Hackathon2024
[UnityMemory] Configuration Parameters - Can be set up in boot.config
    "memorysetup-bucket-allocator-granularity=16"
    "memorysetup-bucket-allocator-bucket-count=8"
    "memorysetup-bucket-allocator-block-size=33554432"
    "memorysetup-bucket-allocator-block-count=8"
    "memorysetup-main-allocator-block-size=16777216"
    "memorysetup-thread-allocator-block-size=16777216"
    "memorysetup-gfx-main-allocator-block-size=16777216"
    "memorysetup-gfx-thread-allocator-block-size=16777216"
    "memorysetup-cache-allocator-block-size=4194304"
    "memorysetup-typetree-allocator-block-size=2097152"
    "memorysetup-profiler-bucket-allocator-granularity=16"
    "memorysetup-profiler-bucket-allocator-bucket-count=8"
    "memorysetup-profiler-bucket-allocator-block-size=33554432"
    "memorysetup-profiler-bucket-allocator-block-count=8"
    "memorysetup-profiler-allocator-block-size=16777216"
    "memorysetup-profiler-editor-allocator-block-size=1048576"
    "memorysetup-temp-allocator-size-main=16777216"
    "memorysetup-job-temp-allocator-block-size=2097152"
    "memorysetup-job-temp-allocator-block-size-background=1048576"
    "memorysetup-job-temp-allocator-reduction-small-platforms=262144"
    "memorysetup-allocator-temp-initial-block-size-main=262144"
    "memorysetup-allocator-temp-initial-block-size-worker=262144"
    "memorysetup-temp-allocator-size-background-worker=32768"
    "memorysetup-temp-allocator-size-job-worker=262144"
    "memorysetup-temp-allocator-size-preload-manager=33554432"
    "memorysetup-temp-allocator-size-nav-mesh-worker=65536"
    "memorysetup-temp-allocator-size-audio-worker=65536"
    "memorysetup-temp-allocator-size-cloud-worker=32768"
    "memorysetup-temp-allocator-size-gi-baking-worker=262144"
    "memorysetup-temp-allocator-size-gfx=262144"
Player connection [15620] Host "[IP] 192.168.0.183 [Port] 0 [Flags] 2 [Guid] 1043186431 [EditorId] 1043186431 [Version] 1048832 [Id] WindowsEditor(7,Zanders-Computer) [Debug] 1 [PackageName] WindowsEditor [ProjectName] Editor" joined multi-casting on [225.0.0.222:54997]...

Player connection [15620] Host "[IP] 192.168.0.183 [Port] 0 [Flags] 2 [Guid] 1043186431 [EditorId] 1043186431 [Version] 1048832 [Id] WindowsEditor(7,Zanders-Computer) [Debug] 1 [PackageName] WindowsEditor [ProjectName] Editor" joined alternative multi-casting on [225.0.0.222:34997]...

[Physics::Module] Initialized MultithreadedJobDispatcher with 3 workers.
Refreshing native plugins compatible for Editor in 48.19 ms, found 3 plugins.
Preloading 0 native plugins for Editor in 0.00 ms.
Initialize engine version: 2022.3.24f1 (334eb2a0b267)
[Subsystems] Discovering subsystems at path C:/Program Files/Unity/Hub/Editor/2022.3.24f1/Editor/Data/Resources/UnitySubsystems
[Subsystems] Discovering subsystems at path C:/Users/zande/UnityProjects/Hackathon2024/Assets
GfxDevice: creating device client; threaded=0; jobified=0
Direct3D:
    Version:  Direct3D 11.0 [level 11.1]
    Renderer: Intel(R) UHD Graphics (ID=0x8a56)
    Vendor:   Intel
    VRAM:     3965 MB
    Driver:   31.0.101.2125
Initialize mono
Mono path[0] = 'C:/Program Files/Unity/Hub/Editor/2022.3.24f1/Editor/Data/Managed'
Mono path[1] = 'C:/Program Files/Unity/Hub/Editor/2022.3.24f1/Editor/Data/MonoBleedingEdge/lib/mono/unityjit-win32'
Mono config path = 'C:/Program Files/Unity/Hub/Editor/2022.3.24f1/Editor/Data/MonoBleedingEdge/etc'
Using monoOptions --debugger-agent=transport=dt_socket,embedding=1,server=y,suspend=n,address=127.0.0.1:56440
Begin MonoManager ReloadAssembly
Registering precompiled unity dll's ...
Register platform support module: C:/Program Files/Unity/Hub/Editor/2022.3.24f1/Editor/Data/PlaybackEngines/WebGLSupport/UnityEditor.WebGL.Extensions.dll
Register platform support module: C:/Program Files/Unity/Hub/Editor/2022.3.24f1/Editor/Data/PlaybackEngines/WindowsStandaloneSupport/UnityEditor.WindowsStandalone.Extensions.dll
Registered in 0.022464 seconds.
- Loaded All Assemblies, in  1.628 seconds
Native extension for WindowsStandalone target not found
Native extension for WebGL target not found
Mono: successfully reloaded assembly
- Finished resetting the current domain, in  1.568 seconds
Domain Reload Profiling: 3194ms
	BeginReloadAssembly (696ms)
		ExecutionOrderSort (0ms)
		DisableScriptedObjects (0ms)
		BackupInstance (0ms)
		ReleaseScriptingObjects (0ms)
		CreateAndSetChildDomain (3ms)
	RebuildCommonClasses (184ms)
	RebuildNativeTypeToScriptingClass (24ms)
	initialDomainReloadingComplete (187ms)
	LoadAllAssembliesAndSetupDomain (532ms)
		LoadAssemblies (680ms)
		RebuildTransferFunctionScriptingTraits (0ms)
		AnalyzeDomain (527ms)
			TypeCache.Refresh (502ms)
				TypeCache.ScanAssembly (449ms)
			ScanForSourceGeneratedMonoScriptInfo (1ms)
			ResolveRequiredComponents (23ms)
	FinalizeReload (1571ms)
		ReleaseScriptCaches (0ms)
		RebuildScriptCaches (0ms)
		SetupLoadedEditorAssemblies (1223ms)
			LogAssemblyErrors (0ms)
			InitializePlatformSupportModulesInManaged (84ms)
			SetLoadedEditorAssemblies (31ms)
			RefreshPlugins (0ms)
			BeforeProcessingInitializeOnLoad (12ms)
			ProcessInitializeOnLoadAttributes (865ms)
			ProcessInitializeOnLoadMethodAttributes (230ms)
			AfterProcessingInitializeOnLoad (0ms)
			EditorAssembliesLoaded (1ms)
		ExecutionOrderSort2 (0ms)
		AwakeInstancesAfterBackupRestoration (0ms)
========================================================================
Worker process is ready to serve import requests
Begin MonoManager ReloadAssembly
- Loaded All Assemblies, in  3.288 seconds
Refreshing native plugins compatible for Editor in 25.36 ms, found 3 plugins.
Native extension for WindowsStandalone target not found
Native extension for WebGL target not found
Package Manager log level set to [2]
[Package Manager] Server::EnsureServerProcessIsRunning -- launch failed, reason: Unity was launched with the -noUpm command-line argument
[Package Manager] UpmClient::Send -- Unable to send message (not connected to UPM process).
[Package Manager] Cannot connect to Unity Package Manager local server
Mono: successfully reloaded assembly
- Finished resetting the current domain, in  3.934 seconds
Domain Reload Profiling: 7166ms
	BeginReloadAssembly (541ms)
		ExecutionOrderSort (0ms)
		DisableScriptedObjects (21ms)
		BackupInstance (0ms)
		ReleaseScriptingObjects (0ms)
		CreateAndSetChildDomain (67ms)
	RebuildCommonClasses (114ms)
	RebuildNativeTypeToScriptingClass (47ms)
	initialDomainReloadingComplete (209ms)
	LoadAllAssembliesAndSetupDomain (2319ms)
		LoadAssemblies (1199ms)
		RebuildTransferFunctionScriptingTraits (0ms)
		AnalyzeDomain (1426ms)
			TypeCache.Refresh (1320ms)
				TypeCache.ScanAssembly (1269ms)
			ScanForSourceGeneratedMonoScriptInfo (61ms)
			ResolveRequiredComponents (40ms)
	FinalizeReload (3936ms)
		ReleaseScriptCaches (0ms)
		RebuildScriptCaches (0ms)
		SetupLoadedEditorAssemblies (3041ms)
			LogAssemblyErrors (0ms)
			InitializePlatformSupportModulesInManaged (41ms)
			SetLoadedEditorAssemblies (14ms)
			RefreshPlugins (0ms)
			BeforeProcessingInitializeOnLoad (417ms)
			ProcessInitializeOnLoadAttributes (2443ms)
			ProcessInitializeOnLoadMethodAttributes (93ms)
			AfterProcessingInitializeOnLoad (33ms)
			EditorAssembliesLoaded (0ms)
		ExecutionOrderSort2 (0ms)
		AwakeInstancesAfterBackupRestoration (28ms)
Launched and connected shader compiler UnityShaderCompiler.exe after 0.24 seconds
Refreshing native plugins compatible for Editor in 24.81 ms, found 3 plugins.
Preloading 0 native plugins for Editor in 0.00 ms.
Unloading 3094 Unused Serialized files (Serialized files now loaded: 0)
Unloading 32 unused Assets / (57.3 KB). Loaded Objects now: 3578.
Memory consumption went from 131.1 MB to 131.1 MB.
Total: 36.174500 ms (FindLiveObjects: 15.523100 ms CreateObjectMapping: 0.508700 ms MarkObjects: 19.290200 ms  DeleteObjects: 0.849500 ms)

AssetImportParameters requested are different than current active one (requested -> active):
  custom:container-demuxer-ogg: 62fdf1f143b41e24485cea50d1cbac27 -> 
  custom:video-decoder-ogg-theora: a1e56fd34408186e4bbccfd4996cb3dc -> 
  custom:framework-win-MediaFoundation: 216162199b28c13a410421893ffa2e32 -> 
  custom:CustomObjectIndexerAttribute: 9a22284fe3817be447336de3de66b15e -> 
  custom:container-demuxer-webm: 4f35f7cbe854078d1ac9338744f61a02 -> 
  custom:container-muxer-webm: aa71ff27fc2769a1b78a27578f13a17b -> 
  custom:video-decoder-webm-vp8: 9c59270c3fd7afecdb556c50c9e8de78 -> 
  custom:SearchIndexIgnoredProperties: e643bd26f0fe6173181afceb89e7c659 -> 
  custom:AudioImporter_EditorPlatform: d09bf68614088b80899f8185d706f6e7 -> 
  custom:video-encoder-webm-vp8: eb34c28f22e8b96e1ab97ce403110664 -> 
  custom:audio-decoder-ogg-vorbis: bf7c407c2cedff20999df2af8eb42d56 -> 
  custom:audio-encoder-webm-vorbis: bf7c407c2cedff20999df2af8eb42d56 -> 
========================================================================
Received Import Request.
  Time since last request: 510654.542396 seconds.
  path: Assets/Planets of the Solar System 3D/Geometry/Earth.fbx
  artifactKey: Guid(1d1efd74961b744cca932e0880b5eb4d) Importer(815301076,1909f56bfc062723c751e8b465ee728b)
Start importing Assets/Planets of the Solar System 3D/Geometry/Earth.fbx using Guid(1d1efd74961b744cca932e0880b5eb4d) Importer(815301076,1909f56bfc062723c751e8b465ee728b)  -> (artifact id: '97e4a9a33459107119de1e613200abb0') in 0.535212 seconds
Number of updated asset objects reloaded before import = 0
Number of asset objects unloaded after import = 9
========================================================================
Received Import Request.
  Time since last request: 0.000061 seconds.
  path: Assets/Planets of the Solar System 3D/Geometry/Asteroids.fbx
  artifactKey: Guid(61cb025e834864d63b72bee13fbbb2a9) Importer(815301076,1909f56bfc062723c751e8b465ee728b)
Start importing Assets/Planets of the Solar System 3D/Geometry/Asteroids.fbx using Guid(61cb025e834864d63b72bee13fbbb2a9) Importer(815301076,1909f56bfc062723c751e8b465ee728b)  -> (artifact id: 'a52fef9042c22b7958f5515fde1eb30f') in 0.759956 seconds
Number of updated asset objects reloaded before import = 0
Number of asset objects unloaded after import = 26
========================================================================
Received Import Request.
  Time since last request: 0.000050 seconds.
  path: Assets/Planets of the Solar System 3D/Geometry
  artifactKey: Guid(b610397b0c6584e629aed63850b72fa1) Importer(815301076,1909f56bfc062723c751e8b465ee728b)
Start importing Assets/Planets of the Solar System 3D/Geometry using Guid(b610397b0c6584e629aed63850b72fa1) Importer(815301076,1909f56bfc062723c751e8b465ee728b)  -> (artifact id: '57802c2a3076c0016b09c61ad7367982') in 0.001818 seconds
Number of updated asset objects reloaded before import = 0
Number of asset objects unloaded after import = 0
========================================================================
Received Import Request.
  Time since last request: 0.000060 seconds.
  path: Assets/Planets of the Solar System 3D/Geometry/Earth_Lod.fbx
  artifactKey: Guid(277a4092b6ae84cc6970d7a21ac55f7f) Importer(815301076,1909f56bfc062723c751e8b465ee728b)
Start importing Assets/Planets of the Solar System 3D/Geometry/Earth_Lod.fbx using Guid(277a4092b6ae84cc6970d7a21ac55f7f) Importer(815301076,1909f56bfc062723c751e8b465ee728b)  -> (artifact id: '716e1c111618941d8aacac3557250e03') in 0.052011 seconds
Number of updated asset objects reloaded before import = 0
Number of asset objects unloaded after import = 8
========================================================================
Received Import Request.
  Time since last request: 0.000052 seconds.
  path: Assets/Planets of the Solar System 3D/Geometry/Ring.fbx
  artifactKey: Guid(8aa4a8814028a42fea37772e41f89781) Importer(815301076,1909f56bfc062723c751e8b465ee728b)
Start importing Assets/Planets of the Solar System 3D/Geometry/Ring.fbx using Guid(8aa4a8814028a42fea37772e41f89781) Importer(815301076,1909f56bfc062723c751e8b465ee728b)  -> (artifact id: '6a65a93d961563f8146db5d07aba4c50') in 0.046643 seconds
Number of updated asset objects reloaded before import = 0
Number of asset objects unloaded after import = 8
========================================================================
Received Prepare
Begin MonoManager ReloadAssembly
- Loaded All Assemblies, in  1.592 seconds
Refreshing native plugins compatible for Editor in 83.99 ms, found 3 plugins.
Native extension for WindowsStandalone target not found
Native extension for WebGL target not found
[Package Manager] Server::EnsureServerProcessIsRunning -- launch failed, reason: Unity was launched with the -noUpm command-line argument
[Package Manager] UpmClient::Send -- Unable to send message (not connected to UPM process).
[Package Manager] Cannot connect to Unity Package Manager local server
Mono: successfully reloaded assembly
- Finished resetting the current domain, in 11.657 seconds
Domain Reload Profiling: 13245ms
	BeginReloadAssembly (401ms)
		ExecutionOrderSort (0ms)
		DisableScriptedObjects (15ms)
		BackupInstance (0ms)
		ReleaseScriptingObjects (0ms)
		CreateAndSetChildDomain (84ms)
	RebuildCommonClasses (96ms)
	RebuildNativeTypeToScriptingClass (30ms)
	initialDomainReloadingComplete (83ms)
	LoadAllAssembliesAndSetupDomain (976ms)
		LoadAssemblies (1040ms)
		RebuildTransferFunctionScriptingTraits (0ms)
		AnalyzeDomain (166ms)
			TypeCache.Refresh (40ms)
				TypeCache.ScanAssembly (0ms)
			ScanForSourceGeneratedMonoScriptInfo (0ms)
			ResolveRequiredComponents (105ms)
	FinalizeReload (11658ms)
		ReleaseScriptCaches (0ms)
		RebuildScriptCaches (0ms)
		SetupLoadedEditorAssemblies (1792ms)
			LogAssemblyErrors (0ms)
			InitializePlatformSupportModulesInManaged (18ms)
			SetLoadedEditorAssemblies (10ms)
			RefreshPlugins (0ms)
			BeforeProcessingInitializeOnLoad (239ms)
			ProcessInitializeOnLoadAttributes (1448ms)
			ProcessInitializeOnLoadMethodAttributes (60ms)
			AfterProcessingInitializeOnLoad (16ms)
			EditorAssembliesLoaded (0ms)
		ExecutionOrderSort2 (0ms)
		AwakeInstancesAfterBackupRestoration (16ms)
Refreshing native plugins compatible for Editor in 35.66 ms, found 3 plugins.
Preloading 0 native plugins for Editor in 0.00 ms.
Unloading 3086 Unused Serialized files (Serialized files now loaded: 0)
Unloading 23 unused Assets / (31.0 KB). Loaded Objects now: 3625.
Memory consumption went from 136.7 MB to 136.7 MB.
Total: 21.712500 ms (FindLiveObjects: 1.344000 ms CreateObjectMapping: 0.596300 ms MarkObjects: 19.075100 ms  DeleteObjects: 0.693800 ms)

Prepare: number of updated asset objects reloaded= 0
AssetImportParameters requested are different than current active one (requested -> active):
  custom:container-demuxer-ogg: 62fdf1f143b41e24485cea50d1cbac27 -> 
  custom:video-decoder-ogg-theora: a1e56fd34408186e4bbccfd4996cb3dc -> 
  custom:framework-win-MediaFoundation: 216162199b28c13a410421893ffa2e32 -> 
  custom:CustomObjectIndexerAttribute: 9a22284fe3817be447336de3de66b15e -> 
  custom:container-demuxer-webm: 4f35f7cbe854078d1ac9338744f61a02 -> 
  custom:container-muxer-webm: aa71ff27fc2769a1b78a27578f13a17b -> 
  custom:video-decoder-webm-vp8: 9c59270c3fd7afecdb556c50c9e8de78 -> 
  custom:SearchIndexIgnoredProperties: e643bd26f0fe6173181afceb89e7c659 -> 
  custom:AudioImporter_EditorPlatform: d09bf68614088b80899f8185d706f6e7 -> 
  custom:video-encoder-webm-vp8: eb34c28f22e8b96e1ab97ce403110664 -> 
  custom:audio-decoder-ogg-vorbis: bf7c407c2cedff20999df2af8eb42d56 -> 
  custom:audio-encoder-webm-vorbis: bf7c407c2cedff20999df2af8eb42d56 -> 
========================================================================
Received Prepare
Begin MonoManager ReloadAssembly
- Loaded All Assemblies, in  1.037 seconds
Refreshing native plugins compatible for Editor in 20.98 ms, found 3 plugins.
Native extension for WindowsStandalone target not found
Native extension for WebGL target not found
[Package Manager] Server::EnsureServerProcessIsRunning -- launch failed, reason: Unity was launched with the -noUpm command-line argument
[Package Manager] UpmClient::Send -- Unable to send message (not connected to UPM process).
[Package Manager] Cannot connect to Unity Package Manager local server
Mono: successfully reloaded assembly
- Finished resetting the current domain, in  9.888 seconds
Domain Reload Profiling: 10920ms
	BeginReloadAssembly (302ms)
		ExecutionOrderSort (0ms)
		DisableScriptedObjects (12ms)
		BackupInstance (0ms)
		ReleaseScriptingObjects (0ms)
		CreateAndSetChildDomain (65ms)
	RebuildCommonClasses (62ms)
	RebuildNativeTypeToScriptingClass (28ms)
	initialDomainReloadingComplete (58ms)
	LoadAllAssembliesAndSetupDomain (581ms)
		LoadAssemblies (719ms)
		RebuildTransferFunctionScriptingTraits (0ms)
		AnalyzeDomain (31ms)
			TypeCache.Refresh (13ms)
				TypeCache.ScanAssembly (0ms)
			ScanForSourceGeneratedMonoScriptInfo (0ms)
			ResolveRequiredComponents (16ms)
	FinalizeReload (9888ms)
		ReleaseScriptCaches (0ms)
		RebuildScriptCaches (0ms)
		SetupLoadedEditorAssemblies (1155ms)
			LogAssemblyErrors (0ms)
			InitializePlatformSupportModulesInManaged (22ms)
			SetLoadedEditorAssemblies (11ms)
			RefreshPlugins (0ms)
			BeforeProcessingInitializeOnLoad (202ms)
			ProcessInitializeOnLoadAttributes (872ms)
			ProcessInitializeOnLoadMethodAttributes (35ms)
			AfterProcessingInitializeOnLoad (12ms)
			EditorAssembliesLoaded (0ms)
		ExecutionOrderSort2 (0ms)
		AwakeInstancesAfterBackupRestoration (15ms)
Refreshing native plugins compatible for Editor in 5.00 ms, found 3 plugins.
Preloading 0 native plugins for Editor in 0.00 ms.
Unloading 3087 Unused Serialized files (Serialized files now loaded: 0)
Unloading 23 unused Assets / (31.1 KB). Loaded Objects now: 3628.
Memory consumption went from 138.9 MB to 138.9 MB.
Total: 4.024500 ms (FindLiveObjects: 0.345300 ms CreateObjectMapping: 0.162600 ms MarkObjects: 3.421700 ms  DeleteObjects: 0.092900 ms)

Prepare: number of updated asset objects reloaded= 0
AssetImportParameters requested are different than current active one (requested -> active):
  custom:container-demuxer-ogg: 62fdf1f143b41e24485cea50d1cbac27 -> 
  custom:video-decoder-ogg-theora: a1e56fd34408186e4bbccfd4996cb3dc -> 
  custom:framework-win-MediaFoundation: 216162199b28c13a410421893ffa2e32 -> 
  custom:CustomObjectIndexerAttribute: 9a22284fe3817be447336de3de66b15e -> 
  custom:container-demuxer-webm: 4f35f7cbe854078d1ac9338744f61a02 -> 
  custom:container-muxer-webm: aa71ff27fc2769a1b78a27578f13a17b -> 
  custom:video-decoder-webm-vp8: 9c59270c3fd7afecdb556c50c9e8de78 -> 
  custom:SearchIndexIgnoredProperties: e643bd26f0fe6173181afceb89e7c659 -> 
  custom:AudioImporter_EditorPlatform: d09bf68614088b80899f8185d706f6e7 -> 
  custom:video-encoder-webm-vp8: eb34c28f22e8b96e1ab97ce403110664 -> 
  custom:audio-decoder-ogg-vorbis: bf7c407c2cedff20999df2af8eb42d56 -> 
  custom:audio-encoder-webm-vorbis: bf7c407c2cedff20999df2af8eb42d56 -> 
========================================================================
Received Prepare
Begin MonoManager ReloadAssembly
- Loaded All Assemblies, in  9.734 seconds
Refreshing native plugins compatible for Editor in 180.48 ms, found 3 plugins.
Native extension for WindowsStandalone target not found
Native extension for WebGL target not found
[Package Manager] Server::EnsureServerProcessIsRunning -- launch failed, reason: Unity was launched with the -noUpm command-line argument
[Package Manager] UpmClient::Send -- Unable to send message (not connected to UPM process).
[Package Manager] Cannot connect to Unity Package Manager local server
Mono: successfully reloaded assembly
- Finished resetting the current domain, in 16.595 seconds
Domain Reload Profiling: 26224ms
	BeginReloadAssembly (1066ms)
		ExecutionOrderSort (0ms)
		DisableScriptedObjects (24ms)
		BackupInstance (0ms)
		ReleaseScriptingObjects (0ms)
		CreateAndSetChildDomain (207ms)
	RebuildCommonClasses (639ms)
	RebuildNativeTypeToScriptingClass (115ms)
	initialDomainReloadingComplete (835ms)
	LoadAllAssembliesAndSetupDomain (6972ms)
		LoadAssemblies (7210ms)
		RebuildTransferFunctionScriptingTraits (0ms)
		AnalyzeDomain (188ms)
			TypeCache.Refresh (93ms)
				TypeCache.ScanAssembly (0ms)
			ScanForSourceGeneratedMonoScriptInfo (1ms)
			ResolveRequiredComponents (92ms)
	FinalizeReload (16596ms)
		ReleaseScriptCaches (0ms)
		RebuildScriptCaches (0ms)
		SetupLoadedEditorAssemblies (3662ms)
			LogAssemblyErrors (0ms)
			InitializePlatformSupportModulesInManaged (22ms)
			SetLoadedEditorAssemblies (11ms)
			RefreshPlugins (0ms)
			BeforeProcessingInitializeOnLoad (1789ms)
			ProcessInitializeOnLoadAttributes (1774ms)
			ProcessInitializeOnLoadMethodAttributes (50ms)
			AfterProcessingInitializeOnLoad (17ms)
			EditorAssembliesLoaded (0ms)
		ExecutionOrderSort2 (0ms)
		AwakeInstancesAfterBackupRestoration (20ms)
Refreshing native plugins compatible for Editor in 14.49 ms, found 3 plugins.
Preloading 0 native plugins for Editor in 0.00 ms.
Unloading 3087 Unused Serialized files (Serialized files now loaded: 0)
Unloading 23 unused Assets / (31.1 KB). Loaded Objects now: 3631.
Memory consumption went from 140.9 MB to 140.8 MB.
Total: 8.708200 ms (FindLiveObjects: 0.544000 ms CreateObjectMapping: 0.243900 ms MarkObjects: 7.667300 ms  DeleteObjects: 0.250000 ms)

Prepare: number of updated asset objects reloaded= 0
AssetImportParameters requested are different than current active one (requested -> active):
  custom:container-demuxer-ogg: 62fdf1f143b41e24485cea50d1cbac27 -> 
  custom:video-decoder-ogg-theora: a1e56fd34408186e4bbccfd4996cb3dc -> 
  custom:framework-win-MediaFoundation: 216162199b28c13a410421893ffa2e32 -> 
  custom:CustomObjectIndexerAttribute: 9a22284fe3817be447336de3de66b15e -> 
  custom:container-demuxer-webm: 4f35f7cbe854078d1ac9338744f61a02 -> 
  custom:container-muxer-webm: aa71ff27fc2769a1b78a27578f13a17b -> 
  custom:video-decoder-webm-vp8: 9c59270c3fd7afecdb556c50c9e8de78 -> 
  custom:SearchIndexIgnoredProperties: e643bd26f0fe6173181afceb89e7c659 -> 
  custom:AudioImporter_EditorPlatform: d09bf68614088b80899f8185d706f6e7 -> 
  custom:video-encoder-webm-vp8: eb34c28f22e8b96e1ab97ce403110664 -> 
  custom:audio-decoder-ogg-vorbis: bf7c407c2cedff20999df2af8eb42d56 -> 
  custom:audio-encoder-webm-vorbis: bf7c407c2cedff20999df2af8eb42d56 -> 
========================================================================
Received Import Request.
  Time since last request: 281.107588 seconds.
  path: Assets/Planets of the Solar System 3D/Materials
  artifactKey: Guid(efe8bb1e6d82d49b786e8d992b9d1d9a) Importer(815301076,1909f56bfc062723c751e8b465ee728b)
Start importing Assets/Planets of the Solar System 3D/Materials using Guid(efe8bb1e6d82d49b786e8d992b9d1d9a) Importer(815301076,1909f56bfc062723c751e8b465ee728b)  -> (artifact id: 'bf554974258fc1ce9afae668672b2456') in 0.194375 seconds
Number of updated asset objects reloaded before import = 0
Number of asset objects unloaded after import = 0
========================================================================
Received Import Request.
  Time since last request: 0.000205 seconds.
  path: Assets/Planets of the Solar System 3D/Materials/URP_Mars_2k.mat
  artifactKey: Guid(8a5995a14cffc46c9946c25b14f7c26c) Importer(815301076,1909f56bfc062723c751e8b465ee728b)
Start importing Assets/Planets of the Solar System 3D/Materials/URP_Mars_2k.mat using Guid(8a5995a14cffc46c9946c25b14f7c26c) Importer(815301076,1909f56bfc062723c751e8b465ee728b)  -> (artifact id: 'a17f9b1b18cc4a3ae96749d17a9347e1') in 0.777896 seconds
Number of updated asset objects reloaded before import = 0
Number of asset objects unloaded after import = 2
========================================================================
Received Import Request.
  Time since last request: 0.000046 seconds.
  path: Assets/Planets of the Solar System 3D/Materials/URP_Saturn_Lod.mat
  artifactKey: Guid(b50a4cf008d5346299340465ad3583f7) Importer(815301076,1909f56bfc062723c751e8b465ee728b)
Start importing Assets/Planets of the Solar System 3D/Materials/URP_Saturn_Lod.mat using Guid(b50a4cf008d5346299340465ad3583f7) Importer(815301076,1909f56bfc062723c751e8b465ee728b)  -> (artifact id: 'ba1520ec4a9930efe0654d508fad4fee') in 0.063491 seconds
Number of updated asset objects reloaded before import = 0
Number of asset objects unloaded after import = 2
========================================================================
Received Import Request.
  Time since last request: 0.000028 seconds.
  path: Assets/Planets of the Solar System 3D/Materials/URP_Asteroid.mat
  artifactKey: Guid(b5ead511677a448758f7cd3c61b8e557) Importer(815301076,1909f56bfc062723c751e8b465ee728b)
Start importing Assets/Planets of the Solar System 3D/Materials/URP_Asteroid.mat using Guid(b5ead511677a448758f7cd3c61b8e557) Importer(815301076,1909f56bfc062723c751e8b465ee728b)  -> (artifact id: '5aa9d6fdccbf9a133ade4c0deeb7092b') in 0.059702 seconds
Number of updated asset objects reloaded before import = 0
Number of asset objects unloaded after import = 2
========================================================================
Received Import Request.
  Time since last request: 0.000036 seconds.
  path: Assets/Planets of the Solar System 3D/Materials/URP_Pluto_Lod.mat
  artifactKey: Guid(811507dbca1de47c08d812bfcf368fd5) Importer(815301076,1909f56bfc062723c751e8b465ee728b)
Start importing Assets/Planets of the Solar System 3D/Materials/URP_Pluto_Lod.mat using Guid(811507dbca1de47c08d812bfcf368fd5) Importer(815301076,1909f56bfc062723c751e8b465ee728b)  -> (artifact id: 'ca127bdf25292637a448a125862cfd8e') in 0.062033 seconds
Number of updated asset objects reloaded before import = 0
Number of asset objects unloaded after import = 2
========================================================================
Received Import Request.
  Time since last request: 0.000022 seconds.
  path: Assets/Planets of the Solar System 3D/Materials/URP_Mercury_2k.mat
  artifactKey: Guid(ab6161919f1cb4e40a36aa58f68a2c92) Importer(815301076,1909f56bfc062723c751e8b465ee728b)
Start importing Assets/Planets of the Solar System 3D/Materials/URP_Mercury_2k.mat using Guid(ab6161919f1cb4e40a36aa58f68a2c92) Importer(815301076,1909f56bfc062723c751e8b465ee728b)  -> (artifact id: '7e00b5744109ae9c4ed5ef5d80ac706e') in 0.022725 seconds
Number of updated asset objects reloaded before import = 0
Number of asset objects unloaded after import = 2
========================================================================
Received Import Request.
  Time since last request: 0.000909 seconds.
  path: Assets/Planets of the Solar System 3D/Materials/URP_Saturn_2k.mat
  artifactKey: Guid(3b93dc7ab96024123abc24e04ca01e32) Importer(815301076,1909f56bfc062723c751e8b465ee728b)
Start importing Assets/Planets of the Solar System 3D/Materials/URP_Saturn_2k.mat using Guid(3b93dc7ab96024123abc24e04ca01e32) Importer(815301076,1909f56bfc062723c751e8b465ee728b)  -> (artifact id: 'f26dd611537d49b594e54ffca6ee8c62') in 0.047422 seconds
Number of updated asset objects reloaded before import = 0
Number of asset objects unloaded after import = 2
========================================================================
Received Import Request.
  Time since last request: 0.000036 seconds.
  path: Assets/Planets of the Solar System 3D/Materials/Sun FX.mat
  artifactKey: Guid(82479439eac344631aaef1977dcaf8eb) Importer(815301076,1909f56bfc062723c751e8b465ee728b)
Start importing Assets/Planets of the Solar System 3D/Materials/Sun FX.mat using Guid(82479439eac344631aaef1977dcaf8eb) Importer(815301076,1909f56bfc062723c751e8b465ee728b)  -> (artifact id: '5d5023d77a16db06f8e160f42a239a11') in 0.055488 seconds
Number of updated asset objects reloaded before import = 0
Number of asset objects unloaded after import = 2
========================================================================
Received Import Request.
  Time since last request: 0.000042 seconds.
  path: Assets/Planets of the Solar System 3D/Materials/URP_Neptune_2k.mat
  artifactKey: Guid(f29f4f3d96cac4e53954f0d84aad655d) Importer(815301076,1909f56bfc062723c751e8b465ee728b)
Start importing Assets/Planets of the Solar System 3D/Materials/URP_Neptune_2k.mat using Guid(f29f4f3d96cac4e53954f0d84aad655d) Importer(815301076,1909f56bfc062723c751e8b465ee728b)  -> (artifact id: 'b25db3c76f9b2d757ed76f8c0a270626') in 0.024020 seconds
Number of updated asset objects reloaded before import = 0
Number of asset objects unloaded after import = 2
========================================================================
Received Import Request.
  Time since last request: 0.000031 seconds.
  path: Assets/Planets of the Solar System 3D/Materials/URP_Saturn_Ring.mat
  artifactKey: Guid(e35abc06097ca4fcda800d7ee918a9cb) Importer(815301076,1909f56bfc062723c751e8b465ee728b)
Start importing Assets/Planets of the Solar System 3D/Materials/URP_Saturn_Ring.mat using Guid(e35abc06097ca4fcda800d7ee918a9cb) Importer(815301076,1909f56bfc062723c751e8b465ee728b)  -> (artifact id: '9ed039450389ef0255f3c2504dcdb934') in 0.025066 seconds
Number of updated asset objects reloaded before import = 0
Number of asset objects unloaded after import = 2
========================================================================
Received Import Request.
  Time since last request: 0.000034 seconds.
  path: Assets/Planets of the Solar System 3D/Materials/URP_Pluto_2k.mat
  artifactKey: Guid(89e79642fd54940e0a8465ce67a29db3) Importer(815301076,1909f56bfc062723c751e8b465ee728b)
Start importing Assets/Planets of the Solar System 3D/Materials/URP_Pluto_2k.mat using Guid(89e79642fd54940e0a8465ce67a29db3) Importer(815301076,1909f56bfc062723c751e8b465ee728b)  -> (artifact id: 'c7db84258ef08b2c7f750a0eee554f7c') in 0.039013 seconds
Number of updated asset objects reloaded before import = 0
Number of asset objects unloaded after import = 2
========================================================================
Received Import Request.
  Time since last request: 0.000025 seconds.
  path: Assets/Planets of the Solar System 3D/Materials/URP_Mars_Lod.mat
  artifactKey: Guid(9a4f43f54cabf468ba39d389732e09f0) Importer(815301076,1909f56bfc062723c751e8b465ee728b)
Start importing Assets/Planets of the Solar System 3D/Materials/URP_Mars_Lod.mat using Guid(9a4f43f54cabf468ba39d389732e09f0) Importer(815301076,1909f56bfc062723c751e8b465ee728b)  -> (artifact id: 'b8efc9f057018ca34956a3cce49e5e29') in 0.054347 seconds
Number of updated asset objects reloaded before import = 0
Number of asset objects unloaded after import = 2
========================================================================
Received Import Request.
  Time since last request: 0.000037 seconds.
  path: Assets/Planets of the Solar System 3D/Materials/URP_Mercury_Lod.mat
  artifactKey: Guid(d7a335629d5364542a8c4be1e8082b5c) Importer(815301076,1909f56bfc062723c751e8b465ee728b)
Start importing Assets/Planets of the Solar System 3D/Materials/URP_Mercury_Lod.mat using Guid(d7a335629d5364542a8c4be1e8082b5c) Importer(815301076,1909f56bfc062723c751e8b465ee728b)  -> (artifact id: '830c044b0e46afd5a13f3bc7d475b7e4') in 0.027648 seconds
Number of updated asset objects reloaded before import = 0
Number of asset objects unloaded after import = 2
========================================================================
Received Import Request.
  Time since last request: 0.000034 seconds.
  path: Assets/Planets of the Solar System 3D/Materials/URP_Uranus_2k.mat
  artifactKey: Guid(7d7d4e53bd1724858a2c2e5923290ccc) Importer(815301076,1909f56bfc062723c751e8b465ee728b)
Start importing Assets/Planets of the Solar System 3D/Materials/URP_Uranus_2k.mat using Guid(7d7d4e53bd1724858a2c2e5923290ccc) Importer(815301076,1909f56bfc062723c751e8b465ee728b)  -> (artifact id: '140377e36ed1e3266eb773bbf238717d') in 0.050663 seconds
Number of updated asset objects reloaded before import = 0
Number of asset objects unloaded after import = 2
========================================================================
Received Import Request.
  Time since last request: 0.000032 seconds.
  path: Assets/Planets of the Solar System 3D/Materials/URP_Uranus_Lod.mat
  artifactKey: Guid(3e08908404675454997e033538768b64) Importer(815301076,1909f56bfc062723c751e8b465ee728b)
Start importing Assets/Planets of the Solar System 3D/Materials/URP_Uranus_Lod.mat using Guid(3e08908404675454997e033538768b64) Importer(815301076,1909f56bfc062723c751e8b465ee728b)  -> (artifact id: '8e1832722454b219b0773e80243898ee') in 0.051787 seconds
Number of updated asset objects reloaded before import = 0
Number of asset objects unloaded after import = 2
========================================================================
Received Import Request.
  Time since last request: 0.000040 seconds.
  path: Assets/Planets of the Solar System 3D/Materials/URP_Neptune_Lod.mat
  artifactKey: Guid(b5bad6a4e27f8409898cc9791fcc860a) Importer(815301076,1909f56bfc062723c751e8b465ee728b)
Start importing Assets/Planets of the Solar System 3D/Materials/URP_Neptune_Lod.mat using Guid(b5bad6a4e27f8409898cc9791fcc860a) Importer(815301076,1909f56bfc062723c751e8b465ee728b)  -> (artifact id: '755a4201bbc4926833f9dd081b941cc1') in 0.024076 seconds
Number of updated asset objects reloaded before import = 0
Number of asset objects unloaded after import = 2
========================================================================
Received Import Request.
  Time since last request: 0.000044 seconds.
  path: Assets/Planets of the Solar System 3D/Materials/URP_Venus_2k.mat
  artifactKey: Guid(58cb1c700baee41b683c8a01e77d0619) Importer(815301076,1909f56bfc062723c751e8b465ee728b)
Start importing Assets/Planets of the Solar System 3D/Materials/URP_Venus_2k.mat using Guid(58cb1c700baee41b683c8a01e77d0619) Importer(815301076,1909f56bfc062723c751e8b465ee728b)  -> (artifact id: '75ebb0b987dd87c57302d56112ca1f53') in 0.045541 seconds
Number of updated asset objects reloaded before import = 0
Number of asset objects unloaded after import = 2
========================================================================
Received Import Request.
  Time since last request: 0.000574 seconds.
  path: Assets/Planets of the Solar System 3D/Materials/URP_Earth_Lod.mat
  artifactKey: Guid(57efe82f80f0e41ceba1f93b5c0054e4) Importer(815301076,1909f56bfc062723c751e8b465ee728b)
Start importing Assets/Planets of the Solar System 3D/Materials/URP_Earth_Lod.mat using Guid(57efe82f80f0e41ceba1f93b5c0054e4) Importer(815301076,1909f56bfc062723c751e8b465ee728b)  -> (artifact id: 'c151002eb81bc8f6e0fb24315958b3cd') in 0.031787 seconds
Number of updated asset objects reloaded before import = 0
Number of asset objects unloaded after import = 2
========================================================================
Received Import Request.
  Time since last request: 0.000026 seconds.
  path: Assets/Planets of the Solar System 3D/Materials/URP_Sun Sphere.mat
  artifactKey: Guid(a88ffc134d0ae4e1b93afd6b311c9d56) Importer(815301076,1909f56bfc062723c751e8b465ee728b)
Start importing Assets/Planets of the Solar System 3D/Materials/URP_Sun Sphere.mat using Guid(a88ffc134d0ae4e1b93afd6b311c9d56) Importer(815301076,1909f56bfc062723c751e8b465ee728b)  -> (artifact id: '3557c4f586e77cf9b4ce7f89830c2a7a') in 0.049978 seconds
Number of updated asset objects reloaded before import = 0
Number of asset objects unloaded after import = 1
========================================================================
Received Import Request.
  Time since last request: 0.000037 seconds.
  path: Assets/Planets of the Solar System 3D/Materials/URP_Sun_Smoke.mat
  artifactKey: Guid(6a153e0b17949482b8dc5f75d33fce33) Importer(815301076,1909f56bfc062723c751e8b465ee728b)
Start importing Assets/Planets of the Solar System 3D/Materials/URP_Sun_Smoke.mat using Guid(6a153e0b17949482b8dc5f75d33fce33) Importer(815301076,1909f56bfc062723c751e8b465ee728b)  -> (artifact id: 'b35e9517004b7b4f3f60d098bc1639a6') in 0.047049 seconds
Number of updated asset objects reloaded before import = 0
Number of asset objects unloaded after import = 2
========================================================================
Received Import Request.
  Time since last request: 0.000034 seconds.
  path: Assets/Planets of the Solar System 3D/Materials/URP_Earth_2k.mat
  artifactKey: Guid(670b7104971d44954831a97e59d835d9) Importer(815301076,1909f56bfc062723c751e8b465ee728b)
Start importing Assets/Planets of the Solar System 3D/Materials/URP_Earth_2k.mat using Guid(670b7104971d44954831a97e59d835d9) Importer(815301076,1909f56bfc062723c751e8b465ee728b)  -> (artifact id: 'ddf73d0249b2966e5b8881b78f2a9ca5') in 0.025738 seconds
Number of updated asset objects reloaded before import = 0
Number of asset objects unloaded after import = 2
========================================================================
Received Import Request.
  Time since last request: 0.000033 seconds.
  path: Assets/Planets of the Solar System 3D/Materials/URP_Jupiter_2k.mat
  artifactKey: Guid(957a2e19e0e14495fbce6467614c3e43) Importer(815301076,1909f56bfc062723c751e8b465ee728b)
Start importing Assets/Planets of the Solar System 3D/Materials/URP_Jupiter_2k.mat using Guid(957a2e19e0e14495fbce6467614c3e43) Importer(815301076,1909f56bfc062723c751e8b465ee728b)  -> (artifact id: '5d6f2466dc9096710fca915717903410') in 0.048625 seconds
Number of updated asset objects reloaded before import = 0
Number of asset objects unloaded after import = 2
========================================================================
Received Import Request.
  Time since last request: 0.000065 seconds.
  path: Assets/Planets of the Solar System 3D/Materials/URP_Jupiter_Lod.mat
  artifactKey: Guid(a4b2e6c4c8a36405ea80acf088c5a69f) Importer(815301076,1909f56bfc062723c751e8b465ee728b)
Start importing Assets/Planets of the Solar System 3D/Materials/URP_Jupiter_Lod.mat using Guid(a4b2e6c4c8a36405ea80acf088c5a69f) Importer(815301076,1909f56bfc062723c751e8b465ee728b)  -> (artifact id: '003abcd037c51771cd335f0383846576') in 0.056753 seconds
Number of updated asset objects reloaded before import = 0
Number of asset objects unloaded after import = 2
========================================================================
Received Import Request.
  Time since last request: 0.000031 seconds.
  path: Assets/Planets of the Solar System 3D/Materials/URP_Sun.mat
  artifactKey: Guid(1e14bb05546c54c5592fd7918d09db74) Importer(815301076,1909f56bfc062723c751e8b465ee728b)
Start importing Assets/Planets of the Solar System 3D/Materials/URP_Sun.mat using Guid(1e14bb05546c54c5592fd7918d09db74) Importer(815301076,1909f56bfc062723c751e8b465ee728b)  -> (artifact id: 'fba0e4b4ca1f00528540cd7116d95b6f') in 0.032840 seconds
Number of updated asset objects reloaded before import = 0
Number of asset objects unloaded after import = 1
========================================================================
Received Import Request.
  Time since last request: 0.000167 seconds.
  path: Assets/Planets of the Solar System 3D/Materials/Skybox.mat
  artifactKey: Guid(d51a2253cd79945d08fbe9589d8cb631) Importer(815301076,1909f56bfc062723c751e8b465ee728b)
Start importing Assets/Planets of the Solar System 3D/Materials/Skybox.mat using Guid(d51a2253cd79945d08fbe9589d8cb631) Importer(815301076,1909f56bfc062723c751e8b465ee728b)  -> (artifact id: '61711cee22324437265545f65fcf939a') in 0.284410 seconds
Number of updated asset objects reloaded before import = 0
Number of asset objects unloaded after import = 2
========================================================================
Received Import Request.
  Time since last request: 0.000041 seconds.
  path: Assets/Planets of the Solar System 3D/Materials/URP_Venus_Lod.mat
  artifactKey: Guid(91d202aeca59041238b6784ce9aecde4) Importer(815301076,1909f56bfc062723c751e8b465ee728b)
Start importing Assets/Planets of the Solar System 3D/Materials/URP_Venus_Lod.mat using Guid(91d202aeca59041238b6784ce9aecde4) Importer(815301076,1909f56bfc062723c751e8b465ee728b)  -> (artifact id: '8033b3644e75f10648f385d6fbb26b63') in 0.055170 seconds
Number of updated asset objects reloaded before import = 0
Number of asset objects unloaded after import = 2
========================================================================
Received Import Request.
  Time since last request: 0.000271 seconds.
  path: Assets/Planets of the Solar System 3D/Materials/URP_Moon_2k.mat
  artifactKey: Guid(49fcf79b44f0f4410812764ecb2ae8e1) Importer(815301076,1909f56bfc062723c751e8b465ee728b)
Start importing Assets/Planets of the Solar System 3D/Materials/URP_Moon_2k.mat using Guid(49fcf79b44f0f4410812764ecb2ae8e1) Importer(815301076,1909f56bfc062723c751e8b465ee728b)  -> (artifact id: '6d4ac10846aacc448d71a6eb1e062dd7') in 0.045833 seconds
Number of updated asset objects reloaded before import = 0
Number of asset objects unloaded after import = 2
========================================================================
Received Import Request.
  Time since last request: 0.000021 seconds.
  path: Assets/Planets of the Solar System 3D/Materials/URP_Moon_Lod.mat
  artifactKey: Guid(948fe8f7d46f84bfaa54cc429a563b9d) Importer(815301076,1909f56bfc062723c751e8b465ee728b)
Start importing Assets/Planets of the Solar System 3D/Materials/URP_Moon_Lod.mat using Guid(948fe8f7d46f84bfaa54cc429a563b9d) Importer(815301076,1909f56bfc062723c751e8b465ee728b)  -> (artifact id: 'ffa3d27261b0fd5bc71098b8d43f5eb1') in 0.023777 seconds
Number of updated asset objects reloaded before import = 0
Number of asset objects unloaded after import = 2
========================================================================
Received Import Request.
  Time since last request: 0.873188 seconds.
  path: Assets/Planets of the Solar System 3D/Prefabs
  artifactKey: Guid(bb765400405ea408ca6971e04fc8b02c) Importer(815301076,1909f56bfc062723c751e8b465ee728b)
Start importing Assets/Planets of the Solar System 3D/Prefabs using Guid(bb765400405ea408ca6971e04fc8b02c) Importer(815301076,1909f56bfc062723c751e8b465ee728b)  -> (artifact id: '113563cffe8ccb7685575df528e02452') in 0.001427 seconds
Number of updated asset objects reloaded before import = 0
Number of asset objects unloaded after import = 0
========================================================================
Received Import Request.
  Time since last request: 0.088375 seconds.
  path: Assets/Planets of the Solar System 3D/Prefabs/Asteroids Belt.prefab
  artifactKey: Guid(c0aedbee0212d4ba08d6e85a65854d22) Importer(815301076,1909f56bfc062723c751e8b465ee728b)
Start importing Assets/Planets of the Solar System 3D/Prefabs/Asteroids Belt.prefab using Guid(c0aedbee0212d4ba08d6e85a65854d22) Importer(815301076,1909f56bfc062723c751e8b465ee728b)  -> (artifact id: 'b9537338e9e19a6fc36519c9ded138a0') in 0.103628 seconds
Number of updated asset objects reloaded before import = 0
Number of asset objects unloaded after import = 12
========================================================================
Received Import Request.
  Time since last request: 0.000071 seconds.
  path: Assets/Planets of the Solar System 3D/Prefabs/Nebula_01.prefab
  artifactKey: Guid(00f2918771afc4e07b0a2018e54d57ec) Importer(815301076,1909f56bfc062723c751e8b465ee728b)
Start importing Assets/Planets of the Solar System 3D/Prefabs/Nebula_01.prefab using Guid(00f2918771afc4e07b0a2018e54d57ec) Importer(815301076,1909f56bfc062723c751e8b465ee728b)  -> (artifact id: 'cccb830d171f3c8c165fe52d6f6918cd') in 0.035251 seconds
Number of updated asset objects reloaded before import = 0
Number of asset objects unloaded after import = 12
========================================================================
Received Import Request.
  Time since last request: 0.000028 seconds.
  path: Assets/Planets of the Solar System 3D/Prefabs/Asteroids Sphere.prefab
  artifactKey: Guid(05f83c52d1bc44293a6b0b2bee748289) Importer(815301076,1909f56bfc062723c751e8b465ee728b)
Start importing Assets/Planets of the Solar System 3D/Prefabs/Asteroids Sphere.prefab using Guid(05f83c52d1bc44293a6b0b2bee748289) Importer(815301076,1909f56bfc062723c751e8b465ee728b)  -> (artifact id: '8b50bd34e80bf6cd49d3ea8d11654896') in 0.038397 seconds
Number of updated asset objects reloaded before import = 0
Number of asset objects unloaded after import = 12
========================================================================
Received Import Request.
  Time since last request: 0.000033 seconds.
  path: Assets/Planets of the Solar System 3D/Prefabs/Neptune.prefab
  artifactKey: Guid(5d1442ad8c11442988e0eca5d8af73f0) Importer(815301076,1909f56bfc062723c751e8b465ee728b)
Start importing Assets/Planets of the Solar System 3D/Prefabs/Neptune.prefab using Guid(5d1442ad8c11442988e0eca5d8af73f0) Importer(815301076,1909f56bfc062723c751e8b465ee728b)  -> (artifact id: 'ce4564f80420fdebae52db913e5d0f18') in 0.101254 seconds
Number of updated asset objects reloaded before import = 0
Number of asset objects unloaded after import = 24
========================================================================
Received Import Request.
  Time since last request: 0.001204 seconds.
  path: Assets/Planets of the Solar System 3D/Prefabs/Jupiter.prefab
  artifactKey: Guid(7e4bfb3c6ba1d4bc4ba31d585abdae0f) Importer(815301076,1909f56bfc062723c751e8b465ee728b)
Start importing Assets/Planets of the Solar System 3D/Prefabs/Jupiter.prefab using Guid(7e4bfb3c6ba1d4bc4ba31d585abdae0f) Importer(815301076,1909f56bfc062723c751e8b465ee728b)  -> (artifact id: 'd324eda3674296e268e56f6bdfdb04fc') in 0.086854 seconds
Number of updated asset objects reloaded before import = 0
Number of asset objects unloaded after import = 24
========================================================================
Received Import Request.
  Time since last request: 0.000046 seconds.
  path: Assets/Planets of the Solar System 3D/Prefabs/Earth.prefab
  artifactKey: Guid(300f80108a63f48618cb4a1c8b8c1e86) Importer(815301076,1909f56bfc062723c751e8b465ee728b)
Start importing Assets/Planets of the Solar System 3D/Prefabs/Earth.prefab using Guid(300f80108a63f48618cb4a1c8b8c1e86) Importer(815301076,1909f56bfc062723c751e8b465ee728b)  -> (artifact id: '8d06631aa29785d78b4b21bcb4f0a3de') in 0.123576 seconds
Number of updated asset objects reloaded before import = 0
Number of asset objects unloaded after import = 24
========================================================================
Received Import Request.
  Time since last request: 0.001139 seconds.
  path: Assets/Planets of the Solar System 3D/Prefabs/Mercury.prefab
  artifactKey: Guid(ab152f61198d54532ae39108e616ff59) Importer(815301076,1909f56bfc062723c751e8b465ee728b)
Start importing Assets/Planets of the Solar System 3D/Prefabs/Mercury.prefab using Guid(ab152f61198d54532ae39108e616ff59) Importer(815301076,1909f56bfc062723c751e8b465ee728b)  -> (artifact id: 'c88e6a43494d8dc109d2114dc47a7775') in 0.071250 seconds
Number of updated asset objects reloaded before import = 0
Number of asset objects unloaded after import = 24
========================================================================
Received Import Request.
  Time since last request: 0.000063 seconds.
  path: Assets/Planets of the Solar System 3D/Prefabs/Nebula_00.prefab
  artifactKey: Guid(0d6eac9ae2914445e800eedd322e8b8d) Importer(815301076,1909f56bfc062723c751e8b465ee728b)
Start importing Assets/Planets of the Solar System 3D/Prefabs/Nebula_00.prefab using Guid(0d6eac9ae2914445e800eedd322e8b8d) Importer(815301076,1909f56bfc062723c751e8b465ee728b)  -> (artifact id: '4dbb462fc19c9089a0ea328dc40410c9') in 0.055572 seconds
Number of updated asset objects reloaded before import = 0
Number of asset objects unloaded after import = 12
========================================================================
Received Import Request.
  Time since last request: 0.000029 seconds.
  path: Assets/Planets of the Solar System 3D/Prefabs/Sun.prefab
  artifactKey: Guid(5f776740c447e45afb25edbca842de92) Importer(815301076,1909f56bfc062723c751e8b465ee728b)
Start importing Assets/Planets of the Solar System 3D/Prefabs/Sun.prefab using Guid(5f776740c447e45afb25edbca842de92) Importer(815301076,1909f56bfc062723c751e8b465ee728b)  -> (artifact id: '920dc62d88a8d20d8991c71035c9cd9d') in 0.094623 seconds
Number of updated asset objects reloaded before import = 0
Number of asset objects unloaded after import = 25
========================================================================
Received Import Request.
  Time since last request: 0.000044 seconds.
  path: Assets/Planets of the Solar System 3D/Prefabs/Mars.prefab
  artifactKey: Guid(1818e1a170ef94c3aacee2ba50057521) Importer(815301076,1909f56bfc062723c751e8b465ee728b)
Start importing Assets/Planets of the Solar System 3D/Prefabs/Mars.prefab using Guid(1818e1a170ef94c3aacee2ba50057521) Importer(815301076,1909f56bfc062723c751e8b465ee728b)  -> (artifact id: '4043bb2c106bf018ac49b811d57b5ac8') in 0.057177 seconds
Number of updated asset objects reloaded before import = 0
Number of asset objects unloaded after import = 24
========================================================================
Received Import Request.
  Time since last request: 0.000075 seconds.
  path: Assets/Planets of the Solar System 3D/Prefabs/Saturn.prefab
  artifactKey: Guid(b4201d402613a4464b35c805dafcca62) Importer(815301076,1909f56bfc062723c751e8b465ee728b)
Start importing Assets/Planets of the Solar System 3D/Prefabs/Saturn.prefab using Guid(b4201d402613a4464b35c805dafcca62) Importer(815301076,1909f56bfc062723c751e8b465ee728b)  -> (artifact id: '7d4216aa6990ec59a2bd794337e17b2c') in 0.080095 seconds
Number of updated asset objects reloaded before import = 0
Number of asset objects unloaded after import = 31
========================================================================
Received Import Request.
  Time since last request: 0.000046 seconds.
  path: Assets/Planets of the Solar System 3D/Prefabs/Venus.prefab
  artifactKey: Guid(835acc1a9ebe24c0fa3854c99346f9cd) Importer(815301076,1909f56bfc062723c751e8b465ee728b)
Start importing Assets/Planets of the Solar System 3D/Prefabs/Venus.prefab using Guid(835acc1a9ebe24c0fa3854c99346f9cd) Importer(815301076,1909f56bfc062723c751e8b465ee728b)  -> (artifact id: 'be6af02e2ddde04e93cc285bc4f03efd') in 0.079939 seconds
Number of updated asset objects reloaded before import = 0
Number of asset objects unloaded after import = 24
========================================================================
Received Import Request.
  Time since last request: 0.000050 seconds.
  path: Assets/Planets of the Solar System 3D/Prefabs/Pluto.prefab
  artifactKey: Guid(baebbc833ecda42dd8a75966c9f62420) Importer(815301076,1909f56bfc062723c751e8b465ee728b)
Start importing Assets/Planets of the Solar System 3D/Prefabs/Pluto.prefab using Guid(baebbc833ecda42dd8a75966c9f62420) Importer(815301076,1909f56bfc062723c751e8b465ee728b)  -> (artifact id: 'ca261f5e6d46171e9074b59179e8247b') in 0.092759 seconds
Number of updated asset objects reloaded before import = 0
Number of asset objects unloaded after import = 24
========================================================================
Received Import Request.
  Time since last request: 0.000030 seconds.
  path: Assets/Planets of the Solar System 3D/Prefabs/Uranus.prefab
  artifactKey: Guid(c91342f6e3afc48fd958056404ead345) Importer(815301076,1909f56bfc062723c751e8b465ee728b)
Start importing Assets/Planets of the Solar System 3D/Prefabs/Uranus.prefab using Guid(c91342f6e3afc48fd958056404ead345) Importer(815301076,1909f56bfc062723c751e8b465ee728b)  -> (artifact id: 'cf39f767a7162370b242df89a3960b11') in 0.064131 seconds
Number of updated asset objects reloaded before import = 0
Number of asset objects unloaded after import = 24
========================================================================
Received Import Request.
  Time since last request: 0.000061 seconds.
  path: Assets/Planets of the Solar System 3D/Prefabs/Sun Sphere.prefab
  artifactKey: Guid(ec1861462fc1b46f1a1c1c3c0f1f7f15) Importer(815301076,1909f56bfc062723c751e8b465ee728b)
Start importing Assets/Planets of the Solar System 3D/Prefabs/Sun Sphere.prefab using Guid(ec1861462fc1b46f1a1c1c3c0f1f7f15) Importer(815301076,1909f56bfc062723c751e8b465ee728b)  -> (artifact id: 'ba6bc4f24d4d147e717761eba10dd288') in 0.061479 seconds
Number of updated asset objects reloaded before import = 0
Number of asset objects unloaded after import = 18
========================================================================
Received Import Request.
  Time since last request: 0.000038 seconds.
  path: Assets/Planets of the Solar System 3D/Prefabs/Moon.prefab
  artifactKey: Guid(f9a741bb8762344c6a2a9cb4217ef728) Importer(815301076,1909f56bfc062723c751e8b465ee728b)
Start importing Assets/Planets of the Solar System 3D/Prefabs/Moon.prefab using Guid(f9a741bb8762344c6a2a9cb4217ef728) Importer(815301076,1909f56bfc062723c751e8b465ee728b)  -> (artifact id: 'a41a7d892be30b0d722650c7d371fd73') in 0.071525 seconds
Number of updated asset objects reloaded before import = 0
Number of asset objects unloaded after import = 24
========================================================================
Received Import Request.
  Time since last request: 26.792694 seconds.
  path: Assets/Planets of the Solar System 3D/Shaders
  artifactKey: Guid(25858cb06fc94f54faa64009e89649ce) Importer(815301076,1909f56bfc062723c751e8b465ee728b)
Start importing Assets/Planets of the Solar System 3D/Shaders using Guid(25858cb06fc94f54faa64009e89649ce) Importer(815301076,1909f56bfc062723c751e8b465ee728b)  -> (artifact id: '66656d671a204f56f40186081667ec89') in 0.001662 seconds
Number of updated asset objects reloaded before import = 0
Number of asset objects unloaded after import = 0
========================================================================
Received Import Request.
  Time since last request: 5.222663 seconds.
  path: Assets/Planets of the Solar System 3D/Textures
  artifactKey: Guid(7299ffe8d728a42f4945d9d26b6c5793) Importer(815301076,1909f56bfc062723c751e8b465ee728b)
Start importing Assets/Planets of the Solar System 3D/Textures using Guid(7299ffe8d728a42f4945d9d26b6c5793) Importer(815301076,1909f56bfc062723c751e8b465ee728b)  -> (artifact id: '3ccf3efe431f51f69566fb33f5f7c370') in 0.001531 seconds
Number of updated asset objects reloaded before import = 0
Number of asset objects unloaded after import = 0
========================================================================
Received Import Request.
  Time since last request: 1.151436 seconds.
  path: Assets/Planets of the Solar System 3D/Textures/Planets
  artifactKey: Guid(2bdd0b3d2deec4856b474782fd033667) Importer(815301076,1909f56bfc062723c751e8b465ee728b)
Start importing Assets/Planets of the Solar System 3D/Textures/Planets using Guid(2bdd0b3d2deec4856b474782fd033667) Importer(815301076,1909f56bfc062723c751e8b465ee728b)  -> (artifact id: '5907d6c44ef4b0fc7a5d94fca7be2293') in 0.001924 seconds
Number of updated asset objects reloaded before import = 0
Number of asset objects unloaded after import = 0
========================================================================
Received Import Request.
  Time since last request: 0.068564 seconds.
  path: Assets/Planets of the Solar System 3D/Textures/Planets/Asteroids.png
  artifactKey: Guid(f86f3eee3fc3641f0ac3fbb7e1fb6999) Importer(815301076,1909f56bfc062723c751e8b465ee728b)
Start importing Assets/Planets of the Solar System 3D/Textures/Planets/Asteroids.png using Guid(f86f3eee3fc3641f0ac3fbb7e1fb6999) Importer(815301076,1909f56bfc062723c751e8b465ee728b)  -> (artifact id: 'c780e1ab1fbb2f3eb83f2e2749ba980c') in 0.310167 seconds
Number of updated asset objects reloaded before import = 0
Number of asset objects unloaded after import = 2
========================================================================
Received Import Request.
  Time since last request: 0.000153 seconds.
  path: Assets/Planets of the Solar System 3D/Textures/Planets/Mars_2k.png
  artifactKey: Guid(785a85c72ee2045db9591e4a9a7fbbeb) Importer(815301076,1909f56bfc062723c751e8b465ee728b)
Start importing Assets/Planets of the Solar System 3D/Textures/Planets/Mars_2k.png using Guid(785a85c72ee2045db9591e4a9a7fbbeb) Importer(815301076,1909f56bfc062723c751e8b465ee728b)  -> (artifact id: '6643d40abb719fc9e04b28469bc00d6f') in 0.102185 seconds
Number of updated asset objects reloaded before import = 0
Number of asset objects unloaded after import = 2
========================================================================
Received Import Request.
  Time since last request: 0.000473 seconds.
  path: Assets/Planets of the Solar System 3D/Textures/Planets/Uranus_2k.png
  artifactKey: Guid(225494c2ffe3e445ab0aa1b3f6a661f2) Importer(815301076,1909f56bfc062723c751e8b465ee728b)
Start importing Assets/Planets of the Solar System 3D/Textures/Planets/Uranus_2k.png using Guid(225494c2ffe3e445ab0aa1b3f6a661f2) Importer(815301076,1909f56bfc062723c751e8b465ee728b)  -> (artifact id: '3545371a50387b73c95b91a016f2b504') in 0.059701 seconds
Number of updated asset objects reloaded before import = 0
Number of asset objects unloaded after import = 2
========================================================================
Received Import Request.
  Time since last request: 0.000062 seconds.
  path: Assets/Planets of the Solar System 3D/Textures/Planets/Venus_Lod.png
  artifactKey: Guid(801773570d3c3432fa626d8c3f3d4d0c) Importer(815301076,1909f56bfc062723c751e8b465ee728b)
Start importing Assets/Planets of the Solar System 3D/Textures/Planets/Venus_Lod.png using Guid(801773570d3c3432fa626d8c3f3d4d0c) Importer(815301076,1909f56bfc062723c751e8b465ee728b)  -> (artifact id: 'f4fe457a1f0cdcac907188240b899880') in 0.065594 seconds
Number of updated asset objects reloaded before import = 0
Number of asset objects unloaded after import = 2
========================================================================
Received Import Request.
  Time since last request: 0.000038 seconds.
  path: Assets/Planets of the Solar System 3D/Textures/Planets/Saturn_Lod.png
  artifactKey: Guid(83e70baf360a54388bf937bfb511fd91) Importer(815301076,1909f56bfc062723c751e8b465ee728b)
Start importing Assets/Planets of the Solar System 3D/Textures/Planets/Saturn_Lod.png using Guid(83e70baf360a54388bf937bfb511fd91) Importer(815301076,1909f56bfc062723c751e8b465ee728b)  -> (artifact id: '85270c9d99eddeb03a518125a3c6c1ad') in 0.065889 seconds
Number of updated asset objects reloaded before import = 0
Number of asset objects unloaded after import = 2
========================================================================
Received Import Request.
  Time since last request: 0.000039 seconds.
  path: Assets/Planets of the Solar System 3D/Textures/Planets/Mercury_Lod.png
  artifactKey: Guid(37071c04cf8964e609d0b9777a4e7430) Importer(815301076,1909f56bfc062723c751e8b465ee728b)
Start importing Assets/Planets of the Solar System 3D/Textures/Planets/Mercury_Lod.png using Guid(37071c04cf8964e609d0b9777a4e7430) Importer(815301076,1909f56bfc062723c751e8b465ee728b)  -> (artifact id: 'cadc3e137549eb86d474c2f6f6bac850') in 0.067518 seconds
Number of updated asset objects reloaded before import = 0
Number of asset objects unloaded after import = 2
========================================================================
Received Import Request.
  Time since last request: 0.000450 seconds.
  path: Assets/Planets of the Solar System 3D/Textures/Planets/Earth_4k.png
  artifactKey: Guid(0367c6e3b2e814b1b8c10f37ab658fb9) Importer(815301076,1909f56bfc062723c751e8b465ee728b)
Start importing Assets/Planets of the Solar System 3D/Textures/Planets/Earth_4k.png using Guid(0367c6e3b2e814b1b8c10f37ab658fb9) Importer(815301076,1909f56bfc062723c751e8b465ee728b)  -> (artifact id: '3767e77d26662349415e6475c07e0317') in 0.059974 seconds
Number of updated asset objects reloaded before import = 0
Number of asset objects unloaded after import = 2
========================================================================
Received Import Request.
  Time since last request: 0.000036 seconds.
  path: Assets/Planets of the Solar System 3D/Textures/Planets/Jupiter_2k.png
  artifactKey: Guid(2f1708834aabb4bd582abee7638e4da5) Importer(815301076,1909f56bfc062723c751e8b465ee728b)
Start importing Assets/Planets of the Solar System 3D/Textures/Planets/Jupiter_2k.png using Guid(2f1708834aabb4bd582abee7638e4da5) Importer(815301076,1909f56bfc062723c751e8b465ee728b)  -> (artifact id: '00487ed94634883acb4a062e66073191') in 0.071941 seconds
Number of updated asset objects reloaded before import = 0
Number of asset objects unloaded after import = 2
========================================================================
Received Import Request.
  Time since last request: 0.000102 seconds.
  path: Assets/Planets of the Solar System 3D/Textures/Planets/Moon_2k.png
  artifactKey: Guid(d6af807e406cb4574906ca1b1e2dd8cf) Importer(815301076,1909f56bfc062723c751e8b465ee728b)
Start importing Assets/Planets of the Solar System 3D/Textures/Planets/Moon_2k.png using Guid(d6af807e406cb4574906ca1b1e2dd8cf) Importer(815301076,1909f56bfc062723c751e8b465ee728b)  -> (artifact id: '80cf1e919b51b377f4ebceb7647dff80') in 0.164542 seconds
Number of updated asset objects reloaded before import = 0
Number of asset objects unloaded after import = 2
========================================================================
Received Import Request.
  Time since last request: 0.000113 seconds.
  path: Assets/Planets of the Solar System 3D/Textures/Planets/Moon_Lod.png
  artifactKey: Guid(ed72c23d28c714738bace7abf3ce7787) Importer(815301076,1909f56bfc062723c751e8b465ee728b)
Start importing Assets/Planets of the Solar System 3D/Textures/Planets/Moon_Lod.png using Guid(ed72c23d28c714738bace7abf3ce7787) Importer(815301076,1909f56bfc062723c751e8b465ee728b)  -> (artifact id: 'ab28c2e1ae734b911baa94bdf1fc4f59') in 0.057295 seconds
Number of updated asset objects reloaded before import = 0
Number of asset objects unloaded after import = 2
========================================================================
Received Import Request.
  Time since last request: 0.000050 seconds.
  path: Assets/Planets of the Solar System 3D/Textures/Planets/Saturn_Ring.png
  artifactKey: Guid(7bd0cab026ec84d0facda1bb6ef5818d) Importer(815301076,1909f56bfc062723c751e8b465ee728b)
Start importing Assets/Planets of the Solar System 3D/Textures/Planets/Saturn_Ring.png using Guid(7bd0cab026ec84d0facda1bb6ef5818d) Importer(815301076,1909f56bfc062723c751e8b465ee728b)  -> (artifact id: '9daa6876ffc525db506c9bc5b5a9a375') in 0.062362 seconds
Number of updated asset objects reloaded before import = 0
Number of asset objects unloaded after import = 2
========================================================================
Received Import Request.
  Time since last request: 0.000042 seconds.
  path: Assets/Planets of the Solar System 3D/Textures/Planets/Mercury_2k.png
  artifactKey: Guid(cce2301743d2141678f7423df467472c) Importer(815301076,1909f56bfc062723c751e8b465ee728b)
Start importing Assets/Planets of the Solar System 3D/Textures/Planets/Mercury_2k.png using Guid(cce2301743d2141678f7423df467472c) Importer(815301076,1909f56bfc062723c751e8b465ee728b)  -> (artifact id: 'f5839f9498850b552b438c24f9f57092') in 0.064903 seconds
Number of updated asset objects reloaded before import = 0
Number of asset objects unloaded after import = 2
========================================================================
Received Import Request.
  Time since last request: 0.000033 seconds.
  path: Assets/Planets of the Solar System 3D/Textures/Planets/Neptune_2k.png
  artifactKey: Guid(7fa5ce735aa1b4408a20b98a30f0dad4) Importer(815301076,1909f56bfc062723c751e8b465ee728b)
Start importing Assets/Planets of the Solar System 3D/Textures/Planets/Neptune_2k.png using Guid(7fa5ce735aa1b4408a20b98a30f0dad4) Importer(815301076,1909f56bfc062723c751e8b465ee728b)  -> (artifact id: '4df6c2b7ea02d6a198df30b4ff090440') in 0.076961 seconds
Number of updated asset objects reloaded before import = 0
Number of asset objects unloaded after import = 2
========================================================================
Received Import Request.
  Time since last request: 0.000040 seconds.
  path: Assets/Planets of the Solar System 3D/Textures/Planets/Pluto_2k.png
  artifactKey: Guid(c30c20856f88b43289aeed89910865da) Importer(815301076,1909f56bfc062723c751e8b465ee728b)
Start importing Assets/Planets of the Solar System 3D/Textures/Planets/Pluto_2k.png using Guid(c30c20856f88b43289aeed89910865da) Importer(815301076,1909f56bfc062723c751e8b465ee728b)  -> (artifact id: '83c7bae775fe92e05048423914cf2c75') in 0.054119 seconds
Number of updated asset objects reloaded before import = 0
Number of asset objects unloaded after import = 2
========================================================================
Received Import Request.
  Time since last request: 0.000028 seconds.
  path: Assets/Planets of the Solar System 3D/Textures/Planets/Earth_Lod.png
  artifactKey: Guid(5557d027e948d4b6194fccc5771b4fe6) Importer(815301076,1909f56bfc062723c751e8b465ee728b)
Start importing Assets/Planets of the Solar System 3D/Textures/Planets/Earth_Lod.png using Guid(5557d027e948d4b6194fccc5771b4fe6) Importer(815301076,1909f56bfc062723c751e8b465ee728b)  -> (artifact id: '890f82ac1ba34bb00f4612e1165459bd') in 0.073949 seconds
Number of updated asset objects reloaded before import = 0
Number of asset objects unloaded after import = 2
========================================================================
Received Import Request.
  Time since last request: 0.000060 seconds.
  path: Assets/Planets of the Solar System 3D/Textures/Planets/Venus_2K.png
  artifactKey: Guid(d5c9344e016b14b5f9fae5f0d703b15c) Importer(815301076,1909f56bfc062723c751e8b465ee728b)
Start importing Assets/Planets of the Solar System 3D/Textures/Planets/Venus_2K.png using Guid(d5c9344e016b14b5f9fae5f0d703b15c) Importer(815301076,1909f56bfc062723c751e8b465ee728b)  -> (artifact id: '2e04a3c3e34be3f3fbd10be09d41884a') in 0.130958 seconds
Number of updated asset objects reloaded before import = 0
Number of asset objects unloaded after import = 2
========================================================================
Received Import Request.
  Time since last request: 0.000494 seconds.
  path: Assets/Planets of the Solar System 3D/Textures/Planets/Pluto_Lod.png
  artifactKey: Guid(9cbb5d77b1db34ddba3d8974e28dfcd1) Importer(815301076,1909f56bfc062723c751e8b465ee728b)
Start importing Assets/Planets of the Solar System 3D/Textures/Planets/Pluto_Lod.png using Guid(9cbb5d77b1db34ddba3d8974e28dfcd1) Importer(815301076,1909f56bfc062723c751e8b465ee728b)  -> (artifact id: '7b5d052278e743b02d8f6884d3137cbf') in 0.087095 seconds
Number of updated asset objects reloaded before import = 0
Number of asset objects unloaded after import = 2
========================================================================
Received Import Request.
  Time since last request: 0.001295 seconds.
  path: Assets/Planets of the Solar System 3D/Textures/Planets/Neptune_Lod.png
  artifactKey: Guid(9da00a53a276d4b90a364b29d8b0f57f) Importer(815301076,1909f56bfc062723c751e8b465ee728b)
Start importing Assets/Planets of the Solar System 3D/Textures/Planets/Neptune_Lod.png using Guid(9da00a53a276d4b90a364b29d8b0f57f) Importer(815301076,1909f56bfc062723c751e8b465ee728b)  -> (artifact id: 'a8ca91d62df0f6c15eacfd740a58c0ab') in 0.058519 seconds
Number of updated asset objects reloaded before import = 0
Number of asset objects unloaded after import = 2
========================================================================
Received Import Request.
  Time since last request: 0.000064 seconds.
  path: Assets/Planets of the Solar System 3D/Textures/Planets/Mars_Lod.png
  artifactKey: Guid(1132202edabc645f8812784febe5f3f1) Importer(815301076,1909f56bfc062723c751e8b465ee728b)
Start importing Assets/Planets of the Solar System 3D/Textures/Planets/Mars_Lod.png using Guid(1132202edabc645f8812784febe5f3f1) Importer(815301076,1909f56bfc062723c751e8b465ee728b)  -> (artifact id: 'c650065fad2b3fd136269acbb0fd8f0f') in 0.065771 seconds
Number of updated asset objects reloaded before import = 0
Number of asset objects unloaded after import = 2
========================================================================
Received Import Request.
  Time since last request: 0.000027 seconds.
  path: Assets/Planets of the Solar System 3D/Textures/Planets/Uranus_Lod.png
  artifactKey: Guid(574dbbcada97545ad861f479e5369c34) Importer(815301076,1909f56bfc062723c751e8b465ee728b)
Start importing Assets/Planets of the Solar System 3D/Textures/Planets/Uranus_Lod.png using Guid(574dbbcada97545ad861f479e5369c34) Importer(815301076,1909f56bfc062723c751e8b465ee728b)  -> (artifact id: '79533744fc00018454ea0f30f893440c') in 0.072552 seconds
Number of updated asset objects reloaded before import = 0
Number of asset objects unloaded after import = 2
========================================================================
Received Import Request.
  Time since last request: 0.000571 seconds.
  path: Assets/Planets of the Solar System 3D/Textures/Planets/Saturn_2k.png
  artifactKey: Guid(642e5534a95f84daca32f0fcf0fa6c74) Importer(815301076,1909f56bfc062723c751e8b465ee728b)
Start importing Assets/Planets of the Solar System 3D/Textures/Planets/Saturn_2k.png using Guid(642e5534a95f84daca32f0fcf0fa6c74) Importer(815301076,1909f56bfc062723c751e8b465ee728b)  -> (artifact id: 'c5e7ea4030710e98f6dbcf96c67a8837') in 0.053642 seconds
Number of updated asset objects reloaded before import = 0
Number of asset objects unloaded after import = 2
========================================================================
Received Import Request.
  Time since last request: 0.000025 seconds.
  path: Assets/Planets of the Solar System 3D/Textures/Planets/Jupiter_Lod.png
  artifactKey: Guid(708cd200decec43bab96adffb37942e1) Importer(815301076,1909f56bfc062723c751e8b465ee728b)
Start importing Assets/Planets of the Solar System 3D/Textures/Planets/Jupiter_Lod.png using Guid(708cd200decec43bab96adffb37942e1) Importer(815301076,1909f56bfc062723c751e8b465ee728b)  -> (artifact id: '65fe606b846d5862f7cab11f6152e22d') in 0.071295 seconds
Number of updated asset objects reloaded before import = 0
Number of asset objects unloaded after import = 2
========================================================================
Received Import Request.
  Time since last request: 176.006102 seconds.
  path: Assets/SceneSwitcher.cs
  artifactKey: Guid(8d49f21d1ed929a4f9742db09c7a648c) Importer(815301076,1909f56bfc062723c751e8b465ee728b)
Start importing Assets/SceneSwitcher.cs using Guid(8d49f21d1ed929a4f9742db09c7a648c) Importer(815301076,1909f56bfc062723c751e8b465ee728b)  -> (artifact id: '25dd6c1ae60bb7d4ec7f09efbbf72505') in 0.049366 seconds
Number of updated asset objects reloaded before import = 0
Number of asset objects unloaded after import = 0
========================================================================
Received Prepare
Begin MonoManager ReloadAssembly
- Loaded All Assemblies, in  2.460 seconds
Refreshing native plugins compatible for Editor in 7.26 ms, found 3 plugins.
Native extension for WindowsStandalone target not found
Native extension for WebGL target not found
[Package Manager] Server::EnsureServerProcessIsRunning -- launch failed, reason: Unity was launched with the -noUpm command-line argument
[Package Manager] UpmClient::Send -- Unable to send message (not connected to UPM process).
[Package Manager] Cannot connect to Unity Package Manager local server
Mono: successfully reloaded assembly
- Finished resetting the current domain, in  2.112 seconds
Domain Reload Profiling: 4574ms
	BeginReloadAssembly (921ms)
		ExecutionOrderSort (0ms)
		DisableScriptedObjects (23ms)
		BackupInstance (0ms)
		ReleaseScriptingObjects (1ms)
		CreateAndSetChildDomain (361ms)
	RebuildCommonClasses (91ms)
	RebuildNativeTypeToScriptingClass (38ms)
	initialDomainReloadingComplete (85ms)
	LoadAllAssembliesAndSetupDomain (1326ms)
		LoadAssemblies (1660ms)
		RebuildTransferFunctionScriptingTraits (0ms)
		AnalyzeDomain (69ms)
			TypeCache.Refresh (36ms)
				TypeCache.ScanAssembly (0ms)
			ScanForSourceGeneratedMonoScriptInfo (16ms)
			ResolveRequiredComponents (15ms)
	FinalizeReload (2113ms)
		ReleaseScriptCaches (0ms)
		RebuildScriptCaches (0ms)
		SetupLoadedEditorAssemblies (682ms)
			LogAssemblyErrors (0ms)
			InitializePlatformSupportModulesInManaged (11ms)
			SetLoadedEditorAssemblies (10ms)
			RefreshPlugins (0ms)
			BeforeProcessingInitializeOnLoad (78ms)
			ProcessInitializeOnLoadAttributes (539ms)
			ProcessInitializeOnLoadMethodAttributes (34ms)
			AfterProcessingInitializeOnLoad (9ms)
			EditorAssembliesLoaded (0ms)
		ExecutionOrderSort2 (0ms)
		AwakeInstancesAfterBackupRestoration (10ms)
Refreshing native plugins compatible for Editor in 4.04 ms, found 3 plugins.
Preloading 0 native plugins for Editor in 0.00 ms.
Unloading 3087 Unused Serialized files (Serialized files now loaded: 0)
Unloading 26 unused Assets / (33.0 KB). Loaded Objects now: 3641.
Memory consumption went from 142.7 MB to 142.7 MB.
Total: 5.717000 ms (FindLiveObjects: 0.556000 ms CreateObjectMapping: 0.198100 ms MarkObjects: 4.750800 ms  DeleteObjects: 0.210400 ms)

Prepare: number of updated asset objects reloaded= 0
AssetImportParameters requested are different than current active one (requested -> active):
  custom:container-demuxer-ogg: 62fdf1f143b41e24485cea50d1cbac27 -> 
  custom:video-decoder-ogg-theora: a1e56fd34408186e4bbccfd4996cb3dc -> 
  custom:framework-win-MediaFoundation: 216162199b28c13a410421893ffa2e32 -> 
  custom:CustomObjectIndexerAttribute: 9a22284fe3817be447336de3de66b15e -> 
  custom:container-demuxer-webm: 4f35f7cbe854078d1ac9338744f61a02 -> 
  custom:container-muxer-webm: aa71ff27fc2769a1b78a27578f13a17b -> 
  custom:video-decoder-webm-vp8: 9c59270c3fd7afecdb556c50c9e8de78 -> 
  custom:SearchIndexIgnoredProperties: e643bd26f0fe6173181afceb89e7c659 -> 
  custom:AudioImporter_EditorPlatform: d09bf68614088b80899f8185d706f6e7 -> 
  custom:video-encoder-webm-vp8: eb34c28f22e8b96e1ab97ce403110664 -> 
  custom:audio-decoder-ogg-vorbis: bf7c407c2cedff20999df2af8eb42d56 -> 
  custom:audio-encoder-webm-vorbis: bf7c407c2cedff20999df2af8eb42d56 -> 
========================================================================
Received Import Request.
  Time since last request: 37.486348 seconds.
  path: Assets/SceneSwitcher.cs
  artifactKey: Guid(8d49f21d1ed929a4f9742db09c7a648c) Importer(815301076,1909f56bfc062723c751e8b465ee728b)
Start importing Assets/SceneSwitcher.cs using Guid(8d49f21d1ed929a4f9742db09c7a648c) Importer(815301076,1909f56bfc062723c751e8b465ee728b)  -> (artifact id: '97e37a4b8bd905bcf8d771840e38c9a3') in 0.003464 seconds
Number of updated asset objects reloaded before import = 0
Number of asset objects unloaded after import = 0
